#
# There is insufficient memory for the Java Runtime Environment to continue.
# Native memory allocation (malloc) failed to allocate 1075696 bytes for Chunk::new
# Possible reasons:
#   The system is out of physical RAM or swap space
#   The process is running with CompressedOops enabled, and the Java Heap may be blocking the growth of the native heap
# Possible solutions:
#   Reduce memory load on the system
#   Increase physical memory or swap space
#   Check if swap backing store is full
#   Decrease Java heap size (-Xmx/-Xms)
#   Decrease number of Java threads
#   Decrease Java thread stack sizes (-Xss)
#   Set larger code cache with -XX:ReservedCodeCacheSize=
#   JVM is running with Unscaled Compressed Oops mode in which the Java heap is
#     placed in the first 4GB address space. The Java Heap base address is the
#     maximum limit for the native heap growth. Please use -XX:HeapBaseMinAddress
#     to set the Java Heap base and to place the Java Heap above 4GB virtual address.
# This output file may be truncated or incomplete.
#
#  Out of Memory Error (./src/hotspot/share/memory/arena.cpp:197), pid=14720, tid=4244
#
# JRE version: OpenJDK Runtime Environment (11.0.13) (build 11.0.13+0-b1751.21-8125866)
# Java VM: OpenJDK 64-Bit Server VM (11.0.13+0-b1751.21-8125866, mixed mode, tiered, compressed oops, g1 gc, windows-amd64)
# No core dump will be written. Minidumps are not enabled by default on client versions of Windows
#

---------------  S U M M A R Y ------------

Command Line: --add-opens=java.base/java.util=ALL-UNNAMED --add-opens=java.base/java.lang=ALL-UNNAMED --add-opens=java.base/java.lang.invoke=ALL-UNNAMED --add-opens=java.base/java.util=ALL-UNNAMED --add-opens=java.prefs/java.util.prefs=ALL-UNNAMED --add-opens=java.prefs/java.util.prefs=ALL-UNNAMED --add-opens=java.base/java.nio.charset=ALL-UNNAMED --add-opens=java.base/java.net=ALL-UNNAMED --add-opens=java.base/java.util.concurrent.atomic=ALL-UNNAMED -Xmx2048m -Dfile.encoding=UTF-8 -Duser.country=FR -Duser.language=fr -Duser.variant org.gradle.launcher.daemon.bootstrap.GradleDaemon 7.4

Host: Intel(R) Core(TM) i7-6500U CPU @ 2.50GHz, 4 cores, 7G,  Windows 10 , 64 bit Build 19041 (10.0.19041.2251)
Time: Thu Jan  5 16:47:21 2023 Paris, Madrid elapsed time: 18.632476 seconds (0d 0h 0m 18s)

---------------  T H R E A D  ---------------

Current thread (0x0000019281f8c800):  JavaThread "C2 CompilerThread1" daemon [_thread_in_native, id=4244, stack(0x0000006428200000,0x0000006428300000)]


Current CompileTask:
C2:  18632 6510       4       java.util.TreeMap::put (247 bytes)

Stack: [0x0000006428200000,0x0000006428300000]
Native frames: (J=compiled Java code, j=interpreted, Vv=VM code, C=native code)
V  [jvm.dll+0x6100fa]
V  [jvm.dll+0x747090]
V  [jvm.dll+0x7486ad]
V  [jvm.dll+0x748d83]
V  [jvm.dll+0x24ab48]
V  [jvm.dll+0xc04dc]
V  [jvm.dll+0xc0a0c]
V  [jvm.dll+0x35eb9d]
V  [jvm.dll+0x32b833]
V  [jvm.dll+0x32ad2a]
V  [jvm.dll+0x2032b2]
V  [jvm.dll+0x202437]
V  [jvm.dll+0x188e01]
V  [jvm.dll+0x21106b]
V  [jvm.dll+0x20f8c1]
V  [jvm.dll+0x70de0f]
V  [jvm.dll+0x706a75]
V  [jvm.dll+0x60ed66]
C  [ucrtbase.dll+0x21bb2]
C  [KERNEL32.DLL+0x174b4]
C  [ntdll.dll+0x526a1]


---------------  P R O C E S S  ---------------

Threads class SMR info:
_java_thread_list=0x0000019285107840, length=79, elements={
0x00000192e44ae800, 0x00000192fe0ad000, 0x00000192fe0b9800, 0x00000192fe0cb800,
0x00000192fe0cc800, 0x00000192fe0ce800, 0x00000192fe0d4800, 0x00000192fe0e1800,
0x00000192fe0e5000, 0x00000192febac000, 0x0000019280d5a000, 0x00000192810a6800,
0x00000192820d2800, 0x0000019281fb0800, 0x0000019280658800, 0x0000019282a73800,
0x00000192812f4000, 0x000001928152b800, 0x0000019280556000, 0x00000192820dc000,
0x00000192820dd000, 0x00000192820dd800, 0x00000192820db000, 0x0000019281f8c800,
0x0000019282912000, 0x0000019282913000, 0x0000019282911000, 0x0000019282913800,
0x000001928290f800, 0x0000019282914800, 0x0000019282916000, 0x000001928291c000,
0x0000019282917800, 0x0000019282917000, 0x000001928291e000, 0x00000192ff0e2800,
0x00000192ff0dd000, 0x00000192ff0df800, 0x00000192ff0e0000, 0x00000192ff0e1000,
0x00000192ff0e2000, 0x00000192ff0e3800, 0x00000192ff0de000, 0x00000192ff0e4800,
0x00000192ff0de800, 0x00000192ff0e5000, 0x00000192ff0eb000, 0x00000192ff0e6000,
0x00000192ff0eb800, 0x00000192ff0e6800, 0x00000192ff0e7800, 0x00000192ff0e8800,
0x00000192ff0ea000, 0x00000192ff0e9000, 0x0000019280ac5000, 0x0000019280ac1000,
0x0000019280ac7800, 0x0000019280ac7000, 0x0000019280ac2000, 0x0000019280ac3000,
0x0000019280ac8800, 0x0000019280ac9800, 0x0000019280ac3800, 0x0000019280aca000,
0x0000019280ac6000, 0x0000019280ac4800, 0x0000019280acc800, 0x0000019280acb000,
0x0000019280ace000, 0x0000019280acf000, 0x0000019280acb800, 0x0000019280acd800,
0x0000019280ad0000, 0x0000019284d57000, 0x0000019284d58800, 0x0000019284d59000,
0x0000019284d5a000, 0x0000019284d56000, 0x0000019284d5b800
}

Java Threads: ( => current thread )
  0x00000192e44ae800 JavaThread "main" [_thread_blocked, id=12648, stack(0x0000006426100000,0x0000006426200000)]
  0x00000192fe0ad000 JavaThread "Reference Handler" daemon [_thread_blocked, id=8384, stack(0x0000006426800000,0x0000006426900000)]
  0x00000192fe0b9800 JavaThread "Finalizer" daemon [_thread_blocked, id=10880, stack(0x0000006426900000,0x0000006426a00000)]
  0x00000192fe0cb800 JavaThread "Signal Dispatcher" daemon [_thread_blocked, id=3828, stack(0x0000006426a00000,0x0000006426b00000)]
  0x00000192fe0cc800 JavaThread "Attach Listener" daemon [_thread_blocked, id=12992, stack(0x0000006426b00000,0x0000006426c00000)]
  0x00000192fe0ce800 JavaThread "Service Thread" daemon [_thread_blocked, id=15060, stack(0x0000006426c00000,0x0000006426d00000)]
  0x00000192fe0d4800 JavaThread "C2 CompilerThread0" daemon [_thread_in_native, id=6072, stack(0x0000006426d00000,0x0000006426e00000)]
  0x00000192fe0e1800 JavaThread "C1 CompilerThread0" daemon [_thread_blocked, id=3588, stack(0x0000006426e00000,0x0000006426f00000)]
  0x00000192fe0e5000 JavaThread "Sweeper thread" daemon [_thread_blocked, id=8508, stack(0x0000006426f00000,0x0000006427000000)]
  0x00000192febac000 JavaThread "Common-Cleaner" daemon [_thread_blocked, id=12192, stack(0x0000006427000000,0x0000006427100000)]
  0x0000019280d5a000 JavaThread "Daemon health stats" [_thread_blocked, id=11756, stack(0x0000006427500000,0x0000006427600000)]
  0x00000192810a6800 JavaThread "Incoming local TCP Connector on port 32558" [_thread_in_native, id=12620, stack(0x0000006427200000,0x0000006427300000)]
  0x00000192820d2800 JavaThread "Daemon periodic checks" [_thread_blocked, id=12588, stack(0x0000006427600000,0x0000006427700000)]
  0x0000019281fb0800 JavaThread "Daemon" [_thread_blocked, id=11608, stack(0x0000006427700000,0x0000006427800000)]
  0x0000019280658800 JavaThread "Handler for socket connection from /127.0.0.1:32558 to /127.0.0.1:32559" [_thread_in_native, id=14424, stack(0x0000006427800000,0x0000006427900000)]
  0x0000019282a73800 JavaThread "Cancel handler" [_thread_blocked, id=12408, stack(0x0000006427900000,0x0000006427a00000)]
  0x00000192812f4000 JavaThread "Daemon worker" [_thread_in_vm, id=9452, stack(0x0000006427a00000,0x0000006427b00000)]
  0x000001928152b800 JavaThread "Asynchronous log dispatcher for DefaultDaemonConnection: socket connection from /127.0.0.1:32558 to /127.0.0.1:32559" [_thread_blocked, id=15004, stack(0x0000006427b00000,0x0000006427c00000)]
  0x0000019280556000 JavaThread "Stdin handler" [_thread_blocked, id=5948, stack(0x0000006427c00000,0x0000006427d00000)]
  0x00000192820dc000 JavaThread "Daemon client event forwarder" [_thread_blocked, id=15304, stack(0x0000006427d00000,0x0000006427e00000)]
  0x00000192820dd000 JavaThread "Cache worker for journal cache (C:\Users\HP\.gradle\caches\journal-1)" [_thread_blocked, id=14452, stack(0x0000006427f00000,0x0000006428000000)]
  0x00000192820dd800 JavaThread "File lock request listener" [_thread_in_native, id=13772, stack(0x0000006428000000,0x0000006428100000)]
  0x00000192820db000 JavaThread "Cache worker for file hash cache (C:\Users\HP\.gradle\caches\7.4\fileHashes)" [_thread_blocked, id=13756, stack(0x0000006428100000,0x0000006428200000)]
=>0x0000019281f8c800 JavaThread "C2 CompilerThread1" daemon [_thread_in_native, id=4244, stack(0x0000006428200000,0x0000006428300000)]
  0x0000019282912000 JavaThread "File watcher server" daemon [_thread_in_native, id=14536, stack(0x0000006428300000,0x0000006428400000)]
  0x0000019282913000 JavaThread "File watcher consumer" daemon [_thread_blocked, id=13272, stack(0x0000006428400000,0x0000006428500000)]
  0x0000019282911000 JavaThread "Cache worker for checksums cache (C:\Users\HP\AndroidStudioProjects\Tppartie3\.gradle\7.4\checksums)" [_thread_blocked, id=1036, stack(0x0000006428500000,0x0000006428600000)]
  0x0000019282913800 JavaThread "Cache worker for cache directory md-rule (C:\Users\HP\.gradle\caches\7.4\md-rule)" [_thread_blocked, id=13648, stack(0x0000006428600000,0x0000006428700000)]
  0x000001928290f800 JavaThread "Cache worker for file hash cache (C:\Users\HP\AndroidStudioProjects\Tppartie3\.gradle\7.4\fileHashes)" [_thread_blocked, id=6640, stack(0x0000006428700000,0x0000006428800000)]
  0x0000019282914800 JavaThread "Cache worker for cache directory md-supplier (C:\Users\HP\.gradle\caches\7.4\md-supplier)" [_thread_blocked, id=2840, stack(0x0000006428800000,0x0000006428900000)]
  0x0000019282916000 JavaThread "Cache worker for execution history cache (C:\Users\HP\.gradle\caches\7.4\executionHistory)" [_thread_blocked, id=9924, stack(0x0000006428900000,0x0000006428a00000)]
  0x000001928291c000 JavaThread "jar transforms" [_thread_blocked, id=8656, stack(0x0000006428a00000,0x0000006428b00000)]
  0x0000019282917800 JavaThread "Cache worker for file content cache (C:\Users\HP\.gradle\caches\7.4\fileContent)" [_thread_blocked, id=10552, stack(0x0000006428b00000,0x0000006428c00000)]
  0x0000019282917000 JavaThread "jar transforms Thread 2" [_thread_blocked, id=11832, stack(0x0000006428c00000,0x0000006428d00000)]
  0x000001928291e000 JavaThread "Cache worker for dependencies-accessors (C:\Users\HP\AndroidStudioProjects\Tppartie3\.gradle\7.4\dependencies-accessors)" [_thread_blocked, id=12376, stack(0x0000006428d00000,0x0000006428e00000)]
  0x00000192ff0e2800 JavaThread "jar transforms Thread 3" [_thread_blocked, id=10248, stack(0x0000006428e00000,0x0000006428f00000)]
  0x00000192ff0dd000 JavaThread "Cache worker for Build Output Cleanup Cache (C:\Users\HP\AndroidStudioProjects\Tppartie3\.gradle\buildOutputCleanup)" [_thread_blocked, id=10032, stack(0x0000006428f00000,0x0000006429000000)]
  0x00000192ff0df800 JavaThread "Unconstrained build operations" [_thread_blocked, id=14088, stack(0x0000006429000000,0x0000006429100000)]
  0x00000192ff0e0000 JavaThread "Unconstrained build operations Thread 2" [_thread_blocked, id=9620, stack(0x0000006429100000,0x0000006429200000)]
  0x00000192ff0e1000 JavaThread "Unconstrained build operations Thread 3" [_thread_blocked, id=14080, stack(0x0000006429200000,0x0000006429300000)]
  0x00000192ff0e2000 JavaThread "Unconstrained build operations Thread 4" [_thread_blocked, id=8672, stack(0x0000006429300000,0x0000006429400000)]
  0x00000192ff0e3800 JavaThread "Unconstrained build operations Thread 5" [_thread_blocked, id=12884, stack(0x0000006429400000,0x0000006429500000)]
  0x00000192ff0de000 JavaThread "Unconstrained build operations Thread 6" [_thread_blocked, id=13408, stack(0x0000006429500000,0x0000006429600000)]
  0x00000192ff0e4800 JavaThread "Unconstrained build operations Thread 7" [_thread_blocked, id=10860, stack(0x0000006429600000,0x0000006429700000)]
  0x00000192ff0de800 JavaThread "Unconstrained build operations Thread 8" [_thread_blocked, id=1028, stack(0x0000006429700000,0x0000006429800000)]
  0x00000192ff0e5000 JavaThread "Unconstrained build operations Thread 9" [_thread_blocked, id=8924, stack(0x0000006429800000,0x0000006429900000)]
  0x00000192ff0eb000 JavaThread "Unconstrained build operations Thread 10" [_thread_blocked, id=14120, stack(0x0000006429900000,0x0000006429a00000)]
  0x00000192ff0e6000 JavaThread "Unconstrained build operations Thread 11" [_thread_blocked, id=7988, stack(0x0000006429a00000,0x0000006429b00000)]
  0x00000192ff0eb800 JavaThread "Unconstrained build operations Thread 12" [_thread_blocked, id=4400, stack(0x0000006429b00000,0x0000006429c00000)]
  0x00000192ff0e6800 JavaThread "Unconstrained build operations Thread 13" [_thread_blocked, id=7144, stack(0x0000006429c00000,0x0000006429d00000)]
  0x00000192ff0e7800 JavaThread "Unconstrained build operations Thread 14" [_thread_blocked, id=2032, stack(0x0000006429d00000,0x0000006429e00000)]
  0x00000192ff0e8800 JavaThread "Unconstrained build operations Thread 15" [_thread_blocked, id=15204, stack(0x0000006429e00000,0x0000006429f00000)]
  0x00000192ff0ea000 JavaThread "Unconstrained build operations Thread 16" [_thread_blocked, id=4440, stack(0x0000006429f00000,0x000000642a000000)]
  0x00000192ff0e9000 JavaThread "Unconstrained build operations Thread 17" [_thread_blocked, id=5500, stack(0x000000642a000000,0x000000642a100000)]
  0x0000019280ac5000 JavaThread "Unconstrained build operations Thread 18" [_thread_blocked, id=11116, stack(0x000000642a100000,0x000000642a200000)]
  0x0000019280ac1000 JavaThread "Unconstrained build operations Thread 19" [_thread_blocked, id=13964, stack(0x000000642a200000,0x000000642a300000)]
  0x0000019280ac7800 JavaThread "Unconstrained build operations Thread 20" [_thread_blocked, id=5944, stack(0x000000642a300000,0x000000642a400000)]
  0x0000019280ac7000 JavaThread "Unconstrained build operations Thread 21" [_thread_blocked, id=12448, stack(0x000000642a400000,0x000000642a500000)]
  0x0000019280ac2000 JavaThread "Unconstrained build operations Thread 22" [_thread_blocked, id=11504, stack(0x000000642a500000,0x000000642a600000)]
  0x0000019280ac3000 JavaThread "Unconstrained build operations Thread 23" [_thread_blocked, id=11124, stack(0x000000642a600000,0x000000642a700000)]
  0x0000019280ac8800 JavaThread "Unconstrained build operations Thread 24" [_thread_blocked, id=7216, stack(0x000000642a700000,0x000000642a800000)]
  0x0000019280ac9800 JavaThread "Unconstrained build operations Thread 25" [_thread_blocked, id=13400, stack(0x000000642a800000,0x000000642a900000)]
  0x0000019280ac3800 JavaThread "Unconstrained build operations Thread 26" [_thread_blocked, id=3216, stack(0x000000642a900000,0x000000642aa00000)]
  0x0000019280aca000 JavaThread "Unconstrained build operations Thread 27" [_thread_blocked, id=12464, stack(0x000000642aa00000,0x000000642ab00000)]
  0x0000019280ac6000 JavaThread "Unconstrained build operations Thread 28" [_thread_blocked, id=5628, stack(0x000000642ab00000,0x000000642ac00000)]
  0x0000019280ac4800 JavaThread "Unconstrained build operations Thread 29" [_thread_blocked, id=14264, stack(0x000000642ac00000,0x000000642ad00000)]
  0x0000019280acc800 JavaThread "Unconstrained build operations Thread 30" [_thread_blocked, id=7068, stack(0x000000642ad00000,0x000000642ae00000)]
  0x0000019280acb000 JavaThread "Unconstrained build operations Thread 31" [_thread_blocked, id=5616, stack(0x000000642ae00000,0x000000642af00000)]
  0x0000019280ace000 JavaThread "Unconstrained build operations Thread 32" [_thread_blocked, id=2088, stack(0x000000642af00000,0x000000642b000000)]
  0x0000019280acf000 JavaThread "Unconstrained build operations Thread 33" [_thread_blocked, id=9256, stack(0x000000642b000000,0x000000642b100000)]
  0x0000019280acb800 JavaThread "Unconstrained build operations Thread 34" [_thread_blocked, id=11196, stack(0x000000642b100000,0x000000642b200000)]
  0x0000019280acd800 JavaThread "Unconstrained build operations Thread 35" [_thread_blocked, id=14724, stack(0x000000642b200000,0x000000642b300000)]
  0x0000019280ad0000 JavaThread "Unconstrained build operations Thread 36" [_thread_blocked, id=4356, stack(0x000000642b300000,0x000000642b400000)]
  0x0000019284d57000 JavaThread "Unconstrained build operations Thread 37" [_thread_blocked, id=2804, stack(0x000000642b400000,0x000000642b500000)]
  0x0000019284d58800 JavaThread "Unconstrained build operations Thread 38" [_thread_blocked, id=8900, stack(0x000000642b500000,0x000000642b600000)]
  0x0000019284d59000 JavaThread "Unconstrained build operations Thread 39" [_thread_blocked, id=13276, stack(0x000000642b600000,0x000000642b700000)]
  0x0000019284d5a000 JavaThread "Unconstrained build operations Thread 40" [_thread_blocked, id=11232, stack(0x000000642b700000,0x000000642b800000)]
  0x0000019284d56000 JavaThread "jar transforms Thread 4" [_thread_blocked, id=1708, stack(0x000000642b800000,0x000000642b900000)]
  0x0000019284d5b800 JavaThread "Memory manager" [_thread_blocked, id=13448, stack(0x000000642b900000,0x000000642ba00000)]

Other Threads:
  0x00000192fe0aa800 VMThread "VM Thread" [stack: 0x0000006426700000,0x0000006426800000] [id=8476]
  0x00000192fec0d800 WatcherThread [stack: 0x0000006427100000,0x0000006427200000] [id=8884]
  0x00000192e44c6800 GCTaskThread "GC Thread#0" [stack: 0x0000006426200000,0x0000006426300000] [id=10644]
  0x00000192800b3000 GCTaskThread "GC Thread#1" [stack: 0x0000006427300000,0x0000006427400000] [id=14912]
  0x00000192801b3800 GCTaskThread "GC Thread#2" [stack: 0x0000006427400000,0x0000006427500000] [id=15208]
  0x000001928052f800 GCTaskThread "GC Thread#3" [stack: 0x0000006427e00000,0x0000006427f00000] [id=7992]
  0x00000192e44f7800 ConcurrentGCThread "G1 Main Marker" [stack: 0x0000006426300000,0x0000006426400000] [id=3708]
  0x00000192e44f9000 ConcurrentGCThread "G1 Conc#0" [stack: 0x0000006426400000,0x0000006426500000] [id=12384]
  0x00000192e4589800 ConcurrentGCThread "G1 Refine#0" [stack: 0x0000006426500000,0x0000006426600000] [id=12732]
  0x00000192e458a800 ConcurrentGCThread "G1 Young RemSet Sampling" [stack: 0x0000006426600000,0x0000006426700000] [id=1732]

Threads with active compile tasks:
C2 CompilerThread0  18681 6495       4       java.lang.Class::getMethod (59 bytes)
C2 CompilerThread1  18681 6510       4       java.util.TreeMap::put (247 bytes)

VM state:not at safepoint (normal execution)

VM Mutex/Monitor currently owned by a thread: None

Heap address: 0x0000000080000000, size: 2048 MB, Compressed Oops mode: 32-bit
Narrow klass base: 0x0000000000000000, Narrow klass shift: 3
Compressed class space size: 1073741824 Address: 0x0000000100000000

Heap:
 garbage-first heap   total 189440K, used 91136K [0x0000000080000000, 0x0000000100000000)
  region size 1024K, 47 young (48128K), 8 survivors (8192K)
 Metaspace       used 66850K, capacity 68389K, committed 68604K, reserved 1110016K
  class space    used 8418K, capacity 9008K, committed 9036K, reserved 1048576K
Heap Regions: E=young(eden), S=young(survivor), O=old, HS=humongous(starts), HC=humongous(continues), CS=collection set, F=free, A=archive, TAMS=top-at-mark-start (previous, next)
|   0|0x0000000080000000, 0x0000000080100000, 0x0000000080100000|100%|HS|  |TAMS 0x0000000080100000, 0x0000000080000000| Complete 
|   1|0x0000000080100000, 0x0000000080200000, 0x0000000080200000|100%|HC|  |TAMS 0x0000000080200000, 0x0000000080100000| Complete 
|   2|0x0000000080200000, 0x0000000080300000, 0x0000000080300000|100%|HC|  |TAMS 0x0000000080300000, 0x0000000080200000| Complete 
|   3|0x0000000080300000, 0x0000000080400000, 0x0000000080400000|100%| O|  |TAMS 0x0000000080400000, 0x0000000080300000| Untracked 
|   4|0x0000000080400000, 0x0000000080500000, 0x0000000080500000|100%| O|  |TAMS 0x0000000080500000, 0x0000000080400000| Untracked 
|   5|0x0000000080500000, 0x0000000080600000, 0x0000000080600000|100%| O|  |TAMS 0x0000000080600000, 0x0000000080500000| Untracked 
|   6|0x0000000080600000, 0x0000000080700000, 0x0000000080700000|100%| O|  |TAMS 0x0000000080700000, 0x0000000080600000| Untracked 
|   7|0x0000000080700000, 0x0000000080800000, 0x0000000080800000|100%| O|  |TAMS 0x0000000080800000, 0x0000000080700000| Untracked 
|   8|0x0000000080800000, 0x0000000080900000, 0x0000000080900000|100%| O|  |TAMS 0x0000000080900000, 0x0000000080800000| Untracked 
|   9|0x0000000080900000, 0x0000000080a00000, 0x0000000080a00000|100%| O|  |TAMS 0x0000000080a00000, 0x0000000080900000| Untracked 
|  10|0x0000000080a00000, 0x0000000080b00000, 0x0000000080b00000|100%| O|  |TAMS 0x0000000080b00000, 0x0000000080a00000| Untracked 
|  11|0x0000000080b00000, 0x0000000080c00000, 0x0000000080c00000|100%| O|  |TAMS 0x0000000080c00000, 0x0000000080b00000| Untracked 
|  12|0x0000000080c00000, 0x0000000080d00000, 0x0000000080d00000|100%| O|  |TAMS 0x0000000080d00000, 0x0000000080c00000| Untracked 
|  13|0x0000000080d00000, 0x0000000080e00000, 0x0000000080e00000|100%| O|  |TAMS 0x0000000080e00000, 0x0000000080d00000| Untracked 
|  14|0x0000000080e00000, 0x0000000080f00000, 0x0000000080f00000|100%| O|  |TAMS 0x0000000080f00000, 0x0000000080e00000| Untracked 
|  15|0x0000000080f00000, 0x0000000081000000, 0x0000000081000000|100%| O|  |TAMS 0x0000000081000000, 0x0000000080f00000| Untracked 
|  16|0x0000000081000000, 0x0000000081100000, 0x0000000081100000|100%|HS|  |TAMS 0x0000000081000000, 0x0000000081000000| Complete 
|  17|0x0000000081100000, 0x0000000081200000, 0x0000000081200000|100%| O|  |TAMS 0x0000000081200000, 0x0000000081100000| Untracked 
|  18|0x0000000081200000, 0x0000000081300000, 0x0000000081300000|100%| O|  |TAMS 0x0000000081300000, 0x0000000081200000| Untracked 
|  19|0x0000000081300000, 0x0000000081400000, 0x0000000081400000|100%| O|  |TAMS 0x0000000081400000, 0x0000000081300000| Untracked 
|  20|0x0000000081400000, 0x0000000081500000, 0x0000000081500000|100%| O|  |TAMS 0x0000000081500000, 0x0000000081400000| Untracked 
|  21|0x0000000081500000, 0x0000000081600000, 0x0000000081600000|100%| O|  |TAMS 0x0000000081600000, 0x0000000081500000| Untracked 
|  22|0x0000000081600000, 0x0000000081700000, 0x0000000081700000|100%| O|  |TAMS 0x0000000081700000, 0x0000000081600000| Untracked 
|  23|0x0000000081700000, 0x0000000081800000, 0x0000000081800000|100%| O|  |TAMS 0x0000000081798400, 0x0000000081700000| Untracked 
|  24|0x0000000081800000, 0x0000000081900000, 0x0000000081900000|100%|HS|  |TAMS 0x0000000081800000, 0x0000000081800000| Complete 
|  25|0x0000000081900000, 0x0000000081900000, 0x0000000081a00000|  0%| F|  |TAMS 0x0000000081900000, 0x0000000081900000| Untracked 
|  26|0x0000000081a00000, 0x0000000081b00000, 0x0000000081b00000|100%|HS|  |TAMS 0x0000000081a00000, 0x0000000081a00000| Complete 
|  27|0x0000000081b00000, 0x0000000081c00000, 0x0000000081c00000|100%|HC|  |TAMS 0x0000000081b00000, 0x0000000081b00000| Complete 
|  28|0x0000000081c00000, 0x0000000081d00000, 0x0000000081d00000|100%| O|  |TAMS 0x0000000081c00000, 0x0000000081c00000| Untracked 
|  29|0x0000000081d00000, 0x0000000081e00000, 0x0000000081e00000|100%| O|  |TAMS 0x0000000081d00000, 0x0000000081d00000| Untracked 
|  30|0x0000000081e00000, 0x0000000081f00000, 0x0000000081f00000|100%| O|  |TAMS 0x0000000081e00000, 0x0000000081e00000| Untracked 
|  31|0x0000000081f00000, 0x0000000082000000, 0x0000000082000000|100%| O|  |TAMS 0x0000000081f00000, 0x0000000081f00000| Untracked 
|  32|0x0000000082000000, 0x0000000082100000, 0x0000000082100000|100%| O|  |TAMS 0x0000000082000000, 0x0000000082000000| Untracked 
|  33|0x0000000082100000, 0x0000000082100000, 0x0000000082200000|  0%| F|  |TAMS 0x0000000082100000, 0x0000000082100000| Untracked 
|  34|0x0000000082200000, 0x0000000082200000, 0x0000000082300000|  0%| F|  |TAMS 0x0000000082200000, 0x0000000082200000| Untracked 
|  35|0x0000000082300000, 0x0000000082300000, 0x0000000082400000|  0%| F|  |TAMS 0x0000000082300000, 0x0000000082300000| Untracked 
|  36|0x0000000082400000, 0x0000000082400000, 0x0000000082500000|  0%| F|  |TAMS 0x0000000082400000, 0x0000000082400000| Untracked 
|  37|0x0000000082500000, 0x0000000082500000, 0x0000000082600000|  0%| F|  |TAMS 0x0000000082500000, 0x0000000082500000| Untracked 
|  38|0x0000000082600000, 0x0000000082600000, 0x0000000082700000|  0%| F|  |TAMS 0x0000000082600000, 0x0000000082600000| Untracked 
|  39|0x0000000082700000, 0x0000000082700000, 0x0000000082800000|  0%| F|  |TAMS 0x0000000082700000, 0x0000000082700000| Untracked 
|  40|0x0000000082800000, 0x0000000082900000, 0x0000000082900000|100%| O|  |TAMS 0x0000000082800000, 0x0000000082800000| Untracked 
|  41|0x0000000082900000, 0x0000000082a00000, 0x0000000082a00000|100%| O|  |TAMS 0x0000000082900000, 0x0000000082900000| Untracked 
|  42|0x0000000082a00000, 0x0000000082b00000, 0x0000000082b00000|100%| O|  |TAMS 0x0000000082a00000, 0x0000000082a00000| Untracked 
|  43|0x0000000082b00000, 0x0000000082c00000, 0x0000000082c00000|100%| O|  |TAMS 0x0000000082b00000, 0x0000000082b00000| Untracked 
|  44|0x0000000082c00000, 0x0000000082d00000, 0x0000000082d00000|100%| O|  |TAMS 0x0000000082c00000, 0x0000000082c00000| Untracked 
|  45|0x0000000082d00000, 0x0000000082e00000, 0x0000000082e00000|100%| O|  |TAMS 0x0000000082d00000, 0x0000000082d00000| Untracked 
|  46|0x0000000082e00000, 0x0000000082f00000, 0x0000000082f00000|100%| O|  |TAMS 0x0000000082e00000, 0x0000000082e00000| Untracked 
|  47|0x0000000082f00000, 0x0000000083000000, 0x0000000083000000|100%| O|  |TAMS 0x0000000082f00000, 0x0000000082f00000| Untracked 
|  48|0x0000000083000000, 0x0000000083100000, 0x0000000083100000|100%| O|  |TAMS 0x0000000083000000, 0x0000000083000000| Untracked 
|  49|0x0000000083100000, 0x0000000083200000, 0x0000000083200000|100%| O|  |TAMS 0x0000000083100000, 0x0000000083100000| Untracked 
|  50|0x0000000083200000, 0x0000000083200000, 0x0000000083300000|  0%| F|  |TAMS 0x0000000083200000, 0x0000000083200000| Untracked 
|  51|0x0000000083300000, 0x0000000083300000, 0x0000000083400000|  0%| F|  |TAMS 0x0000000083300000, 0x0000000083300000| Untracked 
|  52|0x0000000083400000, 0x0000000083400000, 0x0000000083500000|  0%| F|  |TAMS 0x0000000083400000, 0x0000000083400000| Untracked 
|  53|0x0000000083500000, 0x0000000083500000, 0x0000000083600000|  0%| F|  |TAMS 0x0000000083500000, 0x0000000083500000| Untracked 
|  54|0x0000000083600000, 0x0000000083700000, 0x0000000083700000|100%| O|  |TAMS 0x0000000083600000, 0x0000000083600000| Untracked 
|  55|0x0000000083700000, 0x0000000083700000, 0x0000000083800000|  0%| F|  |TAMS 0x0000000083700000, 0x0000000083700000| Untracked 
|  56|0x0000000083800000, 0x0000000083800000, 0x0000000083900000|  0%| F|  |TAMS 0x0000000083800000, 0x0000000083800000| Untracked 
|  57|0x0000000083900000, 0x0000000083900000, 0x0000000083a00000|  0%| F|  |TAMS 0x0000000083900000, 0x0000000083900000| Untracked 
|  58|0x0000000083a00000, 0x0000000083a00000, 0x0000000083b00000|  0%| F|  |TAMS 0x0000000083a00000, 0x0000000083a00000| Untracked 
|  59|0x0000000083b00000, 0x0000000083b00000, 0x0000000083c00000|  0%| F|  |TAMS 0x0000000083b00000, 0x0000000083b00000| Untracked 
|  60|0x0000000083c00000, 0x0000000083c00000, 0x0000000083d00000|  0%| F|  |TAMS 0x0000000083c00000, 0x0000000083c00000| Untracked 
|  61|0x0000000083d00000, 0x0000000083d00000, 0x0000000083e00000|  0%| F|  |TAMS 0x0000000083d00000, 0x0000000083d00000| Untracked 
|  62|0x0000000083e00000, 0x0000000083e00000, 0x0000000083f00000|  0%| F|  |TAMS 0x0000000083e00000, 0x0000000083e00000| Untracked 
|  63|0x0000000083f00000, 0x0000000083f00000, 0x0000000084000000|  0%| F|  |TAMS 0x0000000083f00000, 0x0000000083f00000| Untracked 
|  64|0x0000000084000000, 0x0000000084000000, 0x0000000084100000|  0%| F|  |TAMS 0x0000000084000000, 0x0000000084000000| Untracked 
|  65|0x0000000084100000, 0x0000000084100000, 0x0000000084200000|  0%| F|  |TAMS 0x0000000084100000, 0x0000000084100000| Untracked 
|  66|0x0000000084200000, 0x0000000084200000, 0x0000000084300000|  0%| F|  |TAMS 0x0000000084200000, 0x0000000084200000| Untracked 
|  67|0x0000000084300000, 0x0000000084300000, 0x0000000084400000|  0%| F|  |TAMS 0x0000000084300000, 0x0000000084300000| Untracked 
|  68|0x0000000084400000, 0x0000000084400000, 0x0000000084500000|  0%| F|  |TAMS 0x0000000084400000, 0x0000000084400000| Untracked 
|  69|0x0000000084500000, 0x0000000084500000, 0x0000000084600000|  0%| F|  |TAMS 0x0000000084500000, 0x0000000084500000| Untracked 
|  70|0x0000000084600000, 0x0000000084600000, 0x0000000084700000|  0%| F|  |TAMS 0x0000000084600000, 0x0000000084600000| Untracked 
|  71|0x0000000084700000, 0x0000000084700000, 0x0000000084800000|  0%| F|  |TAMS 0x0000000084700000, 0x0000000084700000| Untracked 
|  72|0x0000000084800000, 0x0000000084800000, 0x0000000084900000|  0%| F|  |TAMS 0x0000000084800000, 0x0000000084800000| Untracked 
|  73|0x0000000084900000, 0x0000000084900000, 0x0000000084a00000|  0%| F|  |TAMS 0x0000000084900000, 0x0000000084900000| Untracked 
|  74|0x0000000084a00000, 0x0000000084a00000, 0x0000000084b00000|  0%| F|  |TAMS 0x0000000084a00000, 0x0000000084a00000| Untracked 
|  75|0x0000000084b00000, 0x0000000084b00000, 0x0000000084c00000|  0%| F|  |TAMS 0x0000000084b00000, 0x0000000084b00000| Untracked 
|  76|0x0000000084c00000, 0x0000000084c00000, 0x0000000084d00000|  0%| F|  |TAMS 0x0000000084c00000, 0x0000000084c00000| Untracked 
|  77|0x0000000084d00000, 0x0000000084d00000, 0x0000000084e00000|  0%| F|  |TAMS 0x0000000084d00000, 0x0000000084d00000| Untracked 
|  78|0x0000000084e00000, 0x0000000084e00000, 0x0000000084f00000|  0%| F|  |TAMS 0x0000000084e00000, 0x0000000084e00000| Untracked 
|  79|0x0000000084f00000, 0x0000000084f00000, 0x0000000085000000|  0%| F|  |TAMS 0x0000000084f00000, 0x0000000084f00000| Untracked 
|  80|0x0000000085000000, 0x0000000085000000, 0x0000000085100000|  0%| F|  |TAMS 0x0000000085000000, 0x0000000085000000| Untracked 
|  81|0x0000000085100000, 0x0000000085100000, 0x0000000085200000|  0%| F|  |TAMS 0x0000000085100000, 0x0000000085100000| Untracked 
|  82|0x0000000085200000, 0x0000000085200000, 0x0000000085300000|  0%| F|  |TAMS 0x0000000085200000, 0x0000000085200000| Untracked 
|  83|0x0000000085300000, 0x0000000085300000, 0x0000000085400000|  0%| F|  |TAMS 0x0000000085300000, 0x0000000085300000| Untracked 
|  84|0x0000000085400000, 0x0000000085400000, 0x0000000085500000|  0%| F|  |TAMS 0x0000000085400000, 0x0000000085400000| Untracked 
|  85|0x0000000085500000, 0x0000000085500000, 0x0000000085600000|  0%| F|  |TAMS 0x0000000085500000, 0x0000000085500000| Untracked 
|  86|0x0000000085600000, 0x0000000085700000, 0x0000000085700000|100%| S|CS|TAMS 0x0000000085600000, 0x0000000085600000| Complete 
|  87|0x0000000085700000, 0x0000000085800000, 0x0000000085800000|100%| S|CS|TAMS 0x0000000085700000, 0x0000000085700000| Complete 
|  88|0x0000000085800000, 0x0000000085900000, 0x0000000085900000|100%| S|CS|TAMS 0x0000000085800000, 0x0000000085800000| Complete 
|  89|0x0000000085900000, 0x0000000085a00000, 0x0000000085a00000|100%| S|CS|TAMS 0x0000000085900000, 0x0000000085900000| Complete 
|  90|0x0000000085a00000, 0x0000000085b00000, 0x0000000085b00000|100%| S|CS|TAMS 0x0000000085a00000, 0x0000000085a00000| Complete 
|  91|0x0000000085b00000, 0x0000000085c00000, 0x0000000085c00000|100%| S|CS|TAMS 0x0000000085b00000, 0x0000000085b00000| Complete 
|  92|0x0000000085c00000, 0x0000000085d00000, 0x0000000085d00000|100%| S|CS|TAMS 0x0000000085c00000, 0x0000000085c00000| Complete 
|  93|0x0000000085d00000, 0x0000000085e00000, 0x0000000085e00000|100%| S|CS|TAMS 0x0000000085d00000, 0x0000000085d00000| Complete 
|  94|0x0000000085e00000, 0x0000000085e00000, 0x0000000085f00000|  0%| F|  |TAMS 0x0000000085e00000, 0x0000000085e00000| Untracked 
|  95|0x0000000085f00000, 0x0000000085f00000, 0x0000000086000000|  0%| F|  |TAMS 0x0000000085f00000, 0x0000000085f00000| Untracked 
|  96|0x0000000086000000, 0x0000000086000000, 0x0000000086100000|  0%| F|  |TAMS 0x0000000086000000, 0x0000000086000000| Untracked 
|  97|0x0000000086100000, 0x0000000086100000, 0x0000000086200000|  0%| F|  |TAMS 0x0000000086100000, 0x0000000086100000| Untracked 
|  98|0x0000000086200000, 0x0000000086200000, 0x0000000086300000|  0%| F|  |TAMS 0x0000000086200000, 0x0000000086200000| Untracked 
|  99|0x0000000086300000, 0x0000000086300000, 0x0000000086400000|  0%| F|  |TAMS 0x0000000086300000, 0x0000000086300000| Untracked 
| 100|0x0000000086400000, 0x0000000086400000, 0x0000000086500000|  0%| F|  |TAMS 0x0000000086400000, 0x0000000086400000| Untracked 
| 101|0x0000000086500000, 0x0000000086500000, 0x0000000086600000|  0%| F|  |TAMS 0x0000000086500000, 0x0000000086500000| Untracked 
| 102|0x0000000086600000, 0x0000000086600000, 0x0000000086700000|  0%| F|  |TAMS 0x0000000086600000, 0x0000000086600000| Untracked 
| 103|0x0000000086700000, 0x0000000086700000, 0x0000000086800000|  0%| F|  |TAMS 0x0000000086700000, 0x0000000086700000| Untracked 
| 104|0x0000000086800000, 0x0000000086800000, 0x0000000086900000|  0%| F|  |TAMS 0x0000000086800000, 0x0000000086800000| Untracked 
| 105|0x0000000086900000, 0x0000000086900000, 0x0000000086a00000|  0%| F|  |TAMS 0x0000000086900000, 0x0000000086900000| Untracked 
| 106|0x0000000086a00000, 0x0000000086a00000, 0x0000000086b00000|  0%| F|  |TAMS 0x0000000086a00000, 0x0000000086a00000| Untracked 
| 107|0x0000000086b00000, 0x0000000086b00000, 0x0000000086c00000|  0%| F|  |TAMS 0x0000000086b00000, 0x0000000086b00000| Untracked 
| 108|0x0000000086c00000, 0x0000000086c00000, 0x0000000086d00000|  0%| F|  |TAMS 0x0000000086c00000, 0x0000000086c00000| Untracked 
| 109|0x0000000086d00000, 0x0000000086d00000, 0x0000000086e00000|  0%| F|  |TAMS 0x0000000086d00000, 0x0000000086d00000| Untracked 
| 110|0x0000000086e00000, 0x0000000086e00000, 0x0000000086f00000|  0%| F|  |TAMS 0x0000000086e00000, 0x0000000086e00000| Untracked 
| 111|0x0000000086f00000, 0x0000000086f00000, 0x0000000087000000|  0%| F|  |TAMS 0x0000000086f00000, 0x0000000086f00000| Untracked 
| 112|0x0000000087000000, 0x0000000087000000, 0x0000000087100000|  0%| F|  |TAMS 0x0000000087000000, 0x0000000087000000| Untracked 
| 113|0x0000000087100000, 0x0000000087100000, 0x0000000087200000|  0%| F|  |TAMS 0x0000000087100000, 0x0000000087100000| Untracked 
| 114|0x0000000087200000, 0x0000000087200000, 0x0000000087300000|  0%| F|  |TAMS 0x0000000087200000, 0x0000000087200000| Untracked 
| 115|0x0000000087300000, 0x0000000087300000, 0x0000000087400000|  0%| F|  |TAMS 0x0000000087300000, 0x0000000087300000| Untracked 
| 116|0x0000000087400000, 0x0000000087400000, 0x0000000087500000|  0%| F|  |TAMS 0x0000000087400000, 0x0000000087400000| Untracked 
| 117|0x0000000087500000, 0x0000000087500000, 0x0000000087600000|  0%| F|  |TAMS 0x0000000087500000, 0x0000000087500000| Untracked 
| 118|0x0000000087600000, 0x0000000087600000, 0x0000000087700000|  0%| F|  |TAMS 0x0000000087600000, 0x0000000087600000| Untracked 
| 119|0x0000000087700000, 0x0000000087700000, 0x0000000087800000|  0%| F|  |TAMS 0x0000000087700000, 0x0000000087700000| Untracked 
| 120|0x0000000087800000, 0x0000000087800000, 0x0000000087900000|  0%| F|  |TAMS 0x0000000087800000, 0x0000000087800000| Untracked 
| 121|0x0000000087900000, 0x0000000087900000, 0x0000000087a00000|  0%| F|  |TAMS 0x0000000087900000, 0x0000000087900000| Untracked 
| 122|0x0000000087a00000, 0x0000000087a00000, 0x0000000087b00000|  0%| F|  |TAMS 0x0000000087a00000, 0x0000000087a00000| Untracked 
| 123|0x0000000087b00000, 0x0000000087b00000, 0x0000000087c00000|  0%| F|  |TAMS 0x0000000087b00000, 0x0000000087b00000| Untracked 
| 124|0x0000000087c00000, 0x0000000087c00000, 0x0000000087d00000|  0%| F|  |TAMS 0x0000000087c00000, 0x0000000087c00000| Untracked 
| 125|0x0000000087d00000, 0x0000000087d00000, 0x0000000087e00000|  0%| F|  |TAMS 0x0000000087d00000, 0x0000000087d00000| Untracked 
| 126|0x0000000087e00000, 0x0000000087e00000, 0x0000000087f00000|  0%| F|  |TAMS 0x0000000087e00000, 0x0000000087e00000| Untracked 
| 127|0x0000000087f00000, 0x0000000087f00000, 0x0000000088000000|  0%| F|  |TAMS 0x0000000087f00000, 0x0000000087f00000| Untracked 
| 128|0x0000000088000000, 0x0000000088000000, 0x0000000088100000|  0%| F|  |TAMS 0x0000000088000000, 0x0000000088000000| Untracked 
| 129|0x0000000088100000, 0x0000000088100000, 0x0000000088200000|  0%| F|  |TAMS 0x0000000088100000, 0x0000000088100000| Untracked 
| 130|0x0000000088200000, 0x0000000088200000, 0x0000000088300000|  0%| F|  |TAMS 0x0000000088200000, 0x0000000088200000| Untracked 
| 131|0x0000000088300000, 0x0000000088300000, 0x0000000088400000|  0%| F|  |TAMS 0x0000000088300000, 0x0000000088300000| Untracked 
| 132|0x0000000088400000, 0x0000000088400000, 0x0000000088500000|  0%| F|  |TAMS 0x0000000088400000, 0x0000000088400000| Untracked 
| 133|0x0000000088500000, 0x0000000088500000, 0x0000000088600000|  0%| F|  |TAMS 0x0000000088500000, 0x0000000088500000| Untracked 
| 134|0x0000000088600000, 0x0000000088600000, 0x0000000088700000|  0%| F|  |TAMS 0x0000000088600000, 0x0000000088600000| Untracked 
| 135|0x0000000088700000, 0x0000000088700000, 0x0000000088800000|  0%| F|  |TAMS 0x0000000088700000, 0x0000000088700000| Untracked 
| 136|0x0000000088800000, 0x0000000088800000, 0x0000000088900000|  0%| F|  |TAMS 0x0000000088800000, 0x0000000088800000| Untracked 
| 137|0x0000000088900000, 0x0000000088900000, 0x0000000088a00000|  0%| F|  |TAMS 0x0000000088900000, 0x0000000088900000| Untracked 
| 138|0x0000000088a00000, 0x0000000088a00000, 0x0000000088b00000|  0%| F|  |TAMS 0x0000000088a00000, 0x0000000088a00000| Untracked 
| 139|0x0000000088b00000, 0x0000000088b00000, 0x0000000088c00000|  0%| F|  |TAMS 0x0000000088b00000, 0x0000000088b00000| Untracked 
| 140|0x0000000088c00000, 0x0000000088c00000, 0x0000000088d00000|  0%| F|  |TAMS 0x0000000088c00000, 0x0000000088c00000| Untracked 
| 141|0x0000000088d00000, 0x0000000088d00000, 0x0000000088e00000|  0%| F|  |TAMS 0x0000000088d00000, 0x0000000088d00000| Untracked 
| 142|0x0000000088e00000, 0x0000000088e00000, 0x0000000088f00000|  0%| F|  |TAMS 0x0000000088e00000, 0x0000000088e00000| Untracked 
| 143|0x0000000088f00000, 0x0000000088f00000, 0x0000000089000000|  0%| F|  |TAMS 0x0000000088f00000, 0x0000000088f00000| Untracked 
| 144|0x0000000089000000, 0x0000000089000000, 0x0000000089100000|  0%| F|  |TAMS 0x0000000089000000, 0x0000000089000000| Untracked 
| 145|0x0000000089100000, 0x0000000089100000, 0x0000000089200000|  0%| F|  |TAMS 0x0000000089100000, 0x0000000089100000| Untracked 
| 146|0x0000000089200000, 0x0000000089300000, 0x0000000089300000|100%| E|  |TAMS 0x0000000089200000, 0x0000000089200000| Complete 
| 147|0x0000000089300000, 0x0000000089400000, 0x0000000089400000|100%| E|CS|TAMS 0x0000000089300000, 0x0000000089300000| Complete 
| 148|0x0000000089400000, 0x0000000089500000, 0x0000000089500000|100%| E|CS|TAMS 0x0000000089400000, 0x0000000089400000| Complete 
| 149|0x0000000089500000, 0x0000000089600000, 0x0000000089600000|100%| E|CS|TAMS 0x0000000089500000, 0x0000000089500000| Complete 
| 150|0x0000000089600000, 0x0000000089700000, 0x0000000089700000|100%| E|CS|TAMS 0x0000000089600000, 0x0000000089600000| Complete 
| 151|0x0000000089700000, 0x0000000089800000, 0x0000000089800000|100%| E|CS|TAMS 0x0000000089700000, 0x0000000089700000| Complete 
| 152|0x0000000089800000, 0x0000000089900000, 0x0000000089900000|100%| E|CS|TAMS 0x0000000089800000, 0x0000000089800000| Complete 
| 153|0x0000000089900000, 0x0000000089a00000, 0x0000000089a00000|100%| E|CS|TAMS 0x0000000089900000, 0x0000000089900000| Complete 
| 154|0x0000000089a00000, 0x0000000089b00000, 0x0000000089b00000|100%| E|CS|TAMS 0x0000000089a00000, 0x0000000089a00000| Complete 
| 155|0x0000000089b00000, 0x0000000089c00000, 0x0000000089c00000|100%| E|CS|TAMS 0x0000000089b00000, 0x0000000089b00000| Complete 
| 156|0x0000000089c00000, 0x0000000089d00000, 0x0000000089d00000|100%| E|CS|TAMS 0x0000000089c00000, 0x0000000089c00000| Complete 
| 157|0x0000000089d00000, 0x0000000089e00000, 0x0000000089e00000|100%| E|CS|TAMS 0x0000000089d00000, 0x0000000089d00000| Complete 
| 158|0x0000000089e00000, 0x0000000089f00000, 0x0000000089f00000|100%| E|CS|TAMS 0x0000000089e00000, 0x0000000089e00000| Complete 
| 159|0x0000000089f00000, 0x000000008a000000, 0x000000008a000000|100%| E|CS|TAMS 0x0000000089f00000, 0x0000000089f00000| Complete 
| 160|0x000000008a000000, 0x000000008a100000, 0x000000008a100000|100%| E|CS|TAMS 0x000000008a000000, 0x000000008a000000| Complete 
| 161|0x000000008a100000, 0x000000008a200000, 0x000000008a200000|100%| E|CS|TAMS 0x000000008a100000, 0x000000008a100000| Complete 
| 162|0x000000008a200000, 0x000000008a300000, 0x000000008a300000|100%| E|CS|TAMS 0x000000008a200000, 0x000000008a200000| Complete 
| 163|0x000000008a300000, 0x000000008a400000, 0x000000008a400000|100%| E|CS|TAMS 0x000000008a300000, 0x000000008a300000| Complete 
| 164|0x000000008a400000, 0x000000008a500000, 0x000000008a500000|100%| E|CS|TAMS 0x000000008a400000, 0x000000008a400000| Complete 
| 165|0x000000008a500000, 0x000000008a600000, 0x000000008a600000|100%| E|CS|TAMS 0x000000008a500000, 0x000000008a500000| Complete 
| 166|0x000000008a600000, 0x000000008a700000, 0x000000008a700000|100%| E|CS|TAMS 0x000000008a600000, 0x000000008a600000| Complete 
| 167|0x000000008a700000, 0x000000008a800000, 0x000000008a800000|100%| E|CS|TAMS 0x000000008a700000, 0x000000008a700000| Complete 
| 168|0x000000008a800000, 0x000000008a900000, 0x000000008a900000|100%| E|CS|TAMS 0x000000008a800000, 0x000000008a800000| Complete 
| 169|0x000000008a900000, 0x000000008aa00000, 0x000000008aa00000|100%| E|CS|TAMS 0x000000008a900000, 0x000000008a900000| Complete 
| 170|0x000000008aa00000, 0x000000008ab00000, 0x000000008ab00000|100%| E|CS|TAMS 0x000000008aa00000, 0x000000008aa00000| Complete 
| 171|0x000000008ab00000, 0x000000008ac00000, 0x000000008ac00000|100%| E|CS|TAMS 0x000000008ab00000, 0x000000008ab00000| Complete 
| 172|0x000000008ac00000, 0x000000008ad00000, 0x000000008ad00000|100%| E|CS|TAMS 0x000000008ac00000, 0x000000008ac00000| Complete 
| 173|0x000000008ad00000, 0x000000008ae00000, 0x000000008ae00000|100%| E|CS|TAMS 0x000000008ad00000, 0x000000008ad00000| Complete 
| 174|0x000000008ae00000, 0x000000008af00000, 0x000000008af00000|100%| E|CS|TAMS 0x000000008ae00000, 0x000000008ae00000| Complete 
| 175|0x000000008af00000, 0x000000008b000000, 0x000000008b000000|100%| E|CS|TAMS 0x000000008af00000, 0x000000008af00000| Complete 
| 176|0x000000008b000000, 0x000000008b100000, 0x000000008b100000|100%| E|CS|TAMS 0x000000008b000000, 0x000000008b000000| Complete 
| 177|0x000000008b100000, 0x000000008b200000, 0x000000008b200000|100%| E|CS|TAMS 0x000000008b100000, 0x000000008b100000| Complete 
| 178|0x000000008b200000, 0x000000008b300000, 0x000000008b300000|100%| E|CS|TAMS 0x000000008b200000, 0x000000008b200000| Complete 
| 179|0x000000008b300000, 0x000000008b400000, 0x000000008b400000|100%| E|CS|TAMS 0x000000008b300000, 0x000000008b300000| Complete 
| 180|0x000000008b400000, 0x000000008b500000, 0x000000008b500000|100%| E|CS|TAMS 0x000000008b400000, 0x000000008b400000| Complete 
| 181|0x000000008b500000, 0x000000008b600000, 0x000000008b600000|100%| E|CS|TAMS 0x000000008b500000, 0x000000008b500000| Complete 
| 182|0x000000008b600000, 0x000000008b700000, 0x000000008b700000|100%| E|CS|TAMS 0x000000008b600000, 0x000000008b600000| Complete 
| 183|0x000000008b700000, 0x000000008b800000, 0x000000008b800000|100%| E|CS|TAMS 0x000000008b700000, 0x000000008b700000| Complete 
| 184|0x000000008b800000, 0x000000008b900000, 0x000000008b900000|100%| E|CS|TAMS 0x000000008b800000, 0x000000008b800000| Complete 

Card table byte_map: [0x00000192f73d0000,0x00000192f77d0000] _byte_map_base: 0x00000192f6fd0000

Marking Bits (Prev, Next): (CMBitMap*) 0x00000192e44eeb40, (CMBitMap*) 0x00000192e44eeb08
 Prev Bits: [0x00000192f9bd0000, 0x00000192fbbd0000)
 Next Bits: [0x00000192f7bd0000, 0x00000192f9bd0000)

Polling page: 0x00000192e22f0000

Metaspace:

Usage:
  Non-class:     57.99 MB capacity,    57.09 MB ( 98%) used,   755.76 KB (  1%) free+waste,   165.50 KB ( <1%) overhead. 
      Class:      8.83 MB capacity,     8.23 MB ( 93%) used,   537.38 KB (  6%) free+waste,    77.00 KB ( <1%) overhead. 
       Both:     66.82 MB capacity,    65.32 MB ( 98%) used,     1.26 MB (  2%) free+waste,   242.50 KB ( <1%) overhead. 

Virtual space:
  Non-class space:       60.00 MB reserved,      58.17 MB ( 97%) committed 
      Class space:        1.00 GB reserved,       8.95 MB ( <1%) committed 
             Both:        1.06 GB reserved,      67.12 MB (  6%) committed 

Chunk freelists:
   Non-Class:  59.00 KB
       Class:  16.00 KB
        Both:  75.00 KB

MaxMetaspaceSize: 17179869184.00 GB
CompressedClassSpaceSize: 1.00 GB
Initial GC threshold: 20.80 MB
Current GC threshold: 73.33 MB
CDS: off

CodeHeap 'non-profiled nmethods': size=120064Kb used=3737Kb max_used=3737Kb free=116326Kb
 bounds [0x00000192efa90000, 0x00000192efe40000, 0x00000192f6fd0000]
CodeHeap 'profiled nmethods': size=120000Kb used=13885Kb max_used=13885Kb free=106114Kb
 bounds [0x00000192e8560000, 0x00000192e92f0000, 0x00000192efa90000]
CodeHeap 'non-nmethods': size=5696Kb used=2344Kb max_used=2381Kb free=3351Kb
 bounds [0x00000192e7fd0000, 0x00000192e8240000, 0x00000192e8560000]
 total_blobs=7374 nmethods=6513 adapters=773
 compilation: enabled
              stopped_count=0, restarted_count=0
 full_count=0

Compilation events (20 events):
Event: 18.502 Thread 0x00000192fe0e1800 6586       2       org.gradle.api.internal.artifacts.ivyservice.moduleconverter.DefaultRootComponentMetadataBuilder$MetadataHolder::validateMutation (27 bytes)
Event: 18.502 Thread 0x00000192fe0e1800 nmethod 6586 0x00000192e92eb810 code [0x00000192e92eb9c0, 0x00000192e92ebb18]
Event: 18.503 Thread 0x00000192fe0e1800 6587       2       org.gradle.api.internal.attributes.DefaultImmutableAttributesFactory::isolate (40 bytes)
Event: 18.503 Thread 0x00000192fe0e1800 nmethod 6587 0x00000192e92ebb90 code [0x00000192e92ebd80, 0x00000192e92ec1d8]
Event: 18.503 Thread 0x00000192fe0e1800 6588   !   2       jdk.internal.reflect.GeneratedConstructorAccessor19::newInstance (61 bytes)
Event: 18.504 Thread 0x00000192fe0e1800 nmethod 6588 0x00000192e92ec410 code [0x00000192e92ec680, 0x00000192e92ecfc8]
Event: 18.541 Thread 0x0000019281f8c800 nmethod 6493 0x00000192efe2cd10 code [0x00000192efe2d1e0, 0x00000192efe32988]
Event: 18.542 Thread 0x0000019281f8c800 6510       4       java.util.TreeMap::put (247 bytes)
Event: 18.561 Thread 0x00000192fe0e1800 6589       1       com.android.build.gradle.internal.publishing.OutputSpecImpl::getOutputType (5 bytes)
Event: 18.561 Thread 0x00000192fe0e1800 nmethod 6589 0x00000192efe35790 code [0x00000192efe35940, 0x00000192efe359f8]
Event: 18.569 Thread 0x00000192fe0e1800 6591       1       com.android.build.gradle.internal.publishing.OutputSpecImpl::getLibraryElements (5 bytes)
Event: 18.569 Thread 0x00000192fe0e1800 nmethod 6591 0x00000192efe35a90 code [0x00000192efe35c40, 0x00000192efe35cf8]
Event: 18.569 Thread 0x00000192fe0e1800 6592       1       com.android.build.gradle.internal.publishing.OutputSpecImpl::getArtifactType (5 bytes)
Event: 18.569 Thread 0x00000192fe0e1800 nmethod 6592 0x00000192efe35d90 code [0x00000192efe35f40, 0x00000192efe35ff8]
Event: 18.569 Thread 0x00000192fe0e1800 6593       1       com.android.build.gradle.internal.publishing.OutputSpecImpl::getPublishedConfigTypes (5 bytes)
Event: 18.569 Thread 0x00000192fe0e1800 nmethod 6593 0x00000192efe36090 code [0x00000192efe36240, 0x00000192efe362f8]
Event: 18.570 Thread 0x00000192fe0e1800 6594       1       com.google.common.collect.SingletonImmutableList::size (2 bytes)
Event: 18.570 Thread 0x00000192fe0e1800 nmethod 6594 0x00000192efe36390 code [0x00000192efe36540, 0x00000192efe365f8]
Event: 18.581 Thread 0x00000192fe0e1800 6595       2       org.gradle.internal.instantiation.generator.AsmBackedClassGenerator$ClassBuilderImpl::lambda$addLazyGetter$5 (131 bytes)
Event: 18.582 Thread 0x00000192fe0e1800 nmethod 6595 0x00000192e92ed610 code [0x00000192e92ed8a0, 0x00000192e92edd58]

GC Heap History (20 events):
Event: 2.236 GC heap before
{Heap before GC invocations=2 (full 0):
 garbage-first heap   total 131072K, used 39249K [0x0000000080000000, 0x0000000100000000)
  region size 1024K, 30 young (30720K), 2 survivors (2048K)
 Metaspace       used 11229K, capacity 11512K, committed 11776K, reserved 1060864K
  class space    used 1153K, capacity 1244K, committed 1280K, reserved 1048576K
}
Event: 2.241 GC heap after
{Heap after GC invocations=3 (full 0):
 garbage-first heap   total 131072K, used 12357K [0x0000000080000000, 0x0000000100000000)
  region size 1024K, 4 young (4096K), 4 survivors (4096K)
 Metaspace       used 11229K, capacity 11512K, committed 11776K, reserved 1060864K
  class space    used 1153K, capacity 1244K, committed 1280K, reserved 1048576K
}
Event: 5.664 GC heap before
{Heap before GC invocations=3 (full 0):
 garbage-first heap   total 131072K, used 54341K [0x0000000080000000, 0x0000000100000000)
  region size 1024K, 45 young (46080K), 4 survivors (4096K)
 Metaspace       used 17519K, capacity 18009K, committed 18176K, reserved 1064960K
  class space    used 2026K, capacity 2179K, committed 2304K, reserved 1048576K
}
Event: 5.675 GC heap after
{Heap after GC invocations=4 (full 0):
 garbage-first heap   total 131072K, used 16125K [0x0000000080000000, 0x0000000100000000)
  region size 1024K, 6 young (6144K), 6 survivors (6144K)
 Metaspace       used 17519K, capacity 18009K, committed 18176K, reserved 1064960K
  class space    used 2026K, capacity 2179K, committed 2304K, reserved 1048576K
}
Event: 6.155 GC heap before
{Heap before GC invocations=4 (full 0):
 garbage-first heap   total 131072K, used 45821K [0x0000000080000000, 0x0000000100000000)
  region size 1024K, 37 young (37888K), 6 survivors (6144K)
 Metaspace       used 20806K, capacity 21185K, committed 21296K, reserved 1069056K
  class space    used 2530K, capacity 2684K, committed 2688K, reserved 1048576K
}
Event: 6.167 GC heap after
{Heap after GC invocations=5 (full 0):
 garbage-first heap   total 131072K, used 17635K [0x0000000080000000, 0x0000000100000000)
  region size 1024K, 2 young (2048K), 2 survivors (2048K)
 Metaspace       used 20806K, capacity 21185K, committed 21296K, reserved 1069056K
  class space    used 2530K, capacity 2684K, committed 2688K, reserved 1048576K
}
Event: 7.204 GC heap before
{Heap before GC invocations=6 (full 0):
 garbage-first heap   total 131072K, used 67811K [0x0000000080000000, 0x0000000100000000)
  region size 1024K, 51 young (52224K), 2 survivors (2048K)
 Metaspace       used 26060K, capacity 26680K, committed 26876K, reserved 1073152K
  class space    used 3375K, capacity 3590K, committed 3660K, reserved 1048576K
}
Event: 7.217 GC heap after
{Heap after GC invocations=7 (full 0):
 garbage-first heap   total 131072K, used 19456K [0x0000000080000000, 0x0000000100000000)
  region size 1024K, 3 young (3072K), 3 survivors (3072K)
 Metaspace       used 26060K, capacity 26680K, committed 26876K, reserved 1073152K
  class space    used 3375K, capacity 3590K, committed 3660K, reserved 1048576K
}
Event: 9.241 GC heap before
{Heap before GC invocations=8 (full 0):
 garbage-first heap   total 131072K, used 90112K [0x0000000080000000, 0x0000000100000000)
  region size 1024K, 72 young (73728K), 3 survivors (3072K)
 Metaspace       used 35863K, capacity 36657K, committed 36988K, reserved 1081344K
  class space    used 4613K, capacity 4940K, committed 5068K, reserved 1048576K
}
Event: 9.260 GC heap after
{Heap after GC invocations=9 (full 0):
 garbage-first heap   total 157696K, used 23178K [0x0000000080000000, 0x0000000100000000)
  region size 1024K, 7 young (7168K), 7 survivors (7168K)
 Metaspace       used 35863K, capacity 36657K, committed 36988K, reserved 1081344K
  class space    used 4613K, capacity 4940K, committed 5068K, reserved 1048576K
}
Event: 11.135 GC heap before
{Heap before GC invocations=9 (full 0):
 garbage-first heap   total 157696K, used 103050K [0x0000000080000000, 0x0000000100000000)
  region size 1024K, 83 young (84992K), 7 survivors (7168K)
 Metaspace       used 41682K, capacity 42547K, committed 42748K, reserved 1087488K
  class space    used 5277K, capacity 5631K, committed 5708K, reserved 1048576K
}
Event: 11.156 GC heap after
{Heap after GC invocations=10 (full 0):
 garbage-first heap   total 157696K, used 29208K [0x0000000080000000, 0x0000000100000000)
  region size 1024K, 10 young (10240K), 10 survivors (10240K)
 Metaspace       used 41682K, capacity 42547K, committed 42748K, reserved 1087488K
  class space    used 5277K, capacity 5631K, committed 5708K, reserved 1048576K
}
Event: 11.505 GC heap before
{Heap before GC invocations=10 (full 0):
 garbage-first heap   total 157696K, used 44568K [0x0000000080000000, 0x0000000100000000)
  region size 1024K, 26 young (26624K), 10 survivors (10240K)
 Metaspace       used 43702K, capacity 44641K, committed 44796K, reserved 1087488K
  class space    used 5478K, capacity 5839K, committed 5964K, reserved 1048576K
}
Event: 11.527 GC heap after
{Heap after GC invocations=11 (full 0):
 garbage-first heap   total 157696K, used 30069K [0x0000000080000000, 0x0000000100000000)
  region size 1024K, 6 young (6144K), 6 survivors (6144K)
 Metaspace       used 43702K, capacity 44641K, committed 44796K, reserved 1087488K
  class space    used 5478K, capacity 5839K, committed 5964K, reserved 1048576K
}
Event: 13.646 GC heap before
{Heap before GC invocations=12 (full 0):
 garbage-first heap   total 157696K, used 117109K [0x0000000080000000, 0x0000000100000000)
  region size 1024K, 91 young (93184K), 6 survivors (6144K)
 Metaspace       used 48615K, capacity 49807K, committed 50172K, reserved 1093632K
  class space    used 6136K, capacity 6608K, committed 6732K, reserved 1048576K
}
Event: 13.664 GC heap after
{Heap after GC invocations=13 (full 0):
 garbage-first heap   total 157696K, used 32219K [0x0000000080000000, 0x0000000100000000)
  region size 1024K, 9 young (9216K), 9 survivors (9216K)
 Metaspace       used 48615K, capacity 49807K, committed 50172K, reserved 1093632K
  class space    used 6136K, capacity 6608K, committed 6732K, reserved 1048576K
}
Event: 15.703 GC heap before
{Heap before GC invocations=13 (full 0):
 garbage-first heap   total 157696K, used 121307K [0x0000000080000000, 0x0000000100000000)
  region size 1024K, 92 young (94208K), 9 survivors (9216K)
 Metaspace       used 58821K, capacity 60240K, committed 60412K, reserved 1101824K
  class space    used 7415K, capacity 7953K, committed 8012K, reserved 1048576K
}
Event: 15.732 GC heap after
{Heap after GC invocations=14 (full 0):
 garbage-first heap   total 189440K, used 43991K [0x0000000080000000, 0x0000000100000000)
  region size 1024K, 12 young (12288K), 12 survivors (12288K)
 Metaspace       used 58821K, capacity 60240K, committed 60412K, reserved 1101824K
  class space    used 7415K, capacity 7953K, committed 8012K, reserved 1048576K
}
Event: 18.028 GC heap before
{Heap before GC invocations=14 (full 0):
 garbage-first heap   total 189440K, used 145367K [0x0000000080000000, 0x0000000100000000)
  region size 1024K, 103 young (105472K), 12 survivors (12288K)
 Metaspace       used 65343K, capacity 66752K, committed 66940K, reserved 1107968K
  class space    used 8232K, capacity 8782K, committed 8908K, reserved 1048576K
}
Event: 18.055 GC heap after
{Heap after GC invocations=15 (full 0):
 garbage-first heap   total 189440K, used 52224K [0x0000000080000000, 0x0000000100000000)
  region size 1024K, 8 young (8192K), 8 survivors (8192K)
 Metaspace       used 65343K, capacity 66752K, committed 66940K, reserved 1107968K
  class space    used 8232K, capacity 8782K, committed 8908K, reserved 1048576K
}

Deoptimization events (20 events):
Event: 17.731 Thread 0x00000192812f4000 Uncommon trap: trap_request=0xffffff4d fr.pc=0x00000192efb5dcdc relative=0x00000000000006fc
Event: 17.731 Thread 0x00000192812f4000 Uncommon trap: reason=unstable_if action=reinterpret pc=0x00000192efb5dcdc method=java.lang.AbstractStringBuilder.appendChars(Ljava/lang/CharSequence;II)V @ 43 c2
Event: 17.731 Thread 0x00000192812f4000 DEOPT PACKING pc=0x00000192efb5dcdc sp=0x0000006427af6630
Event: 17.731 Thread 0x00000192812f4000 DEOPT UNPACKING pc=0x00000192e801a1af sp=0x0000006427af6560 mode 2
Event: 17.731 Thread 0x00000192812f4000 Uncommon trap: trap_request=0xffffff4d fr.pc=0x00000192efabcc34 relative=0x00000000000001f4
Event: 17.731 Thread 0x00000192812f4000 Uncommon trap: reason=unstable_if action=reinterpret pc=0x00000192efabcc34 method=java.lang.AbstractStringBuilder.isLatin1()Z @ 10 c2
Event: 17.731 Thread 0x00000192812f4000 DEOPT PACKING pc=0x00000192efabcc34 sp=0x0000006427af65b0
Event: 17.731 Thread 0x00000192812f4000 DEOPT UNPACKING pc=0x00000192e801a1af sp=0x0000006427af64f0 mode 2
Event: 17.731 Thread 0x00000192812f4000 Uncommon trap: trap_request=0xffffff4d fr.pc=0x00000192efb5ca54 relative=0x00000000000005f4
Event: 17.731 Thread 0x00000192812f4000 Uncommon trap: reason=unstable_if action=reinterpret pc=0x00000192efb5ca54 method=java.lang.AbstractStringBuilder.appendChars(Ljava/lang/CharSequence;II)V @ 4 c2
Event: 17.732 Thread 0x00000192812f4000 DEOPT PACKING pc=0x00000192efb5ca54 sp=0x0000006427af6640
Event: 17.732 Thread 0x00000192812f4000 DEOPT UNPACKING pc=0x00000192e801a1af sp=0x0000006427af6528 mode 2
Event: 17.928 Thread 0x00000192812f4000 Uncommon trap: trap_request=0xffffff4d fr.pc=0x00000192efc2e4ec relative=0x000000000000032c
Event: 17.928 Thread 0x00000192812f4000 Uncommon trap: reason=unstable_if action=reinterpret pc=0x00000192efc2e4ec method=java.util.StringJoiner.add(Ljava/lang/CharSequence;)Ljava/util/StringJoiner; @ 33 c2
Event: 17.928 Thread 0x00000192812f4000 DEOPT PACKING pc=0x00000192efc2e4ec sp=0x0000006427af5670
Event: 17.928 Thread 0x00000192812f4000 DEOPT UNPACKING pc=0x00000192e801a1af sp=0x0000006427af5620 mode 2
Event: 18.262 Thread 0x00000192812f4000 Uncommon trap: trap_request=0xffffff4d fr.pc=0x00000192efc5fc48 relative=0x0000000000000f48
Event: 18.262 Thread 0x00000192812f4000 Uncommon trap: reason=unstable_if action=reinterpret pc=0x00000192efc5fc48 method=org.codehaus.groovy.runtime.metaclass.MetaMethodIndex.isOverridden(Lgroovy/lang/MetaMethod;Lgroovy/lang/MetaMethod;)Z @ 33 c2
Event: 18.263 Thread 0x00000192812f4000 DEOPT PACKING pc=0x00000192efc5fc48 sp=0x0000006427af4500
Event: 18.263 Thread 0x00000192812f4000 DEOPT UNPACKING pc=0x00000192e801a1af sp=0x0000006427af4458 mode 2

Classes redefined (0 events):
No events

Internal exceptions (20 events):
Event: 18.270 Thread 0x00000192812f4000 Exception <a 'java/lang/ClassNotFoundException'{0x000000008a337d78}: com/android/builder/core/AbstractBuildTypeCustomizer> (0x000000008a337d78) thrown at [./src/hotspot/share/classfile/systemDictionary.cpp, line 231]
Event: 18.271 Thread 0x00000192812f4000 Exception <a 'java/lang/ClassNotFoundException'{0x000000008a3715c0}: com/android/build/gradle/internal/dsl/BuildTypeCustomizer> (0x000000008a3715c0) thrown at [./src/hotspot/share/classfile/systemDictionary.cpp, line 231]
Event: 18.279 Thread 0x00000192812f4000 Exception <a 'java/lang/ClassNotFoundException'{0x000000008a207ee0}: com/android/build/gradle/internal/dsl/BuildType$AgpDecoratedCustomizer> (0x000000008a207ee0) thrown at [./src/hotspot/share/classfile/systemDictionary.cpp, line 231]
Event: 18.282 Thread 0x00000192812f4000 Exception <a 'java/lang/ClassNotFoundException'{0x000000008a2695e8}: com/android/build/gradle/internal/dsl/BuildType$AgpDecorated_DecoratedCustomizer> (0x000000008a2695e8) thrown at [./src/hotspot/share/classfile/systemDictionary.cpp, line 231]
Event: 18.292 Thread 0x00000192812f4000 Exception <a 'java/lang/ClassNotFoundException'{0x000000008a143b28}: build_4uqyd6lb4h1q1mzwyc8bb4sg1$_run_closure1$_closure4BeanInfo> (0x000000008a143b28) thrown at [./src/hotspot/share/classfile/systemDictionary.cpp, line 231]
Event: 18.293 Thread 0x00000192812f4000 Exception <a 'java/lang/ClassNotFoundException'{0x000000008a1561c0}: build_4uqyd6lb4h1q1mzwyc8bb4sg1$_run_closure1$_closure4Customizer> (0x000000008a1561c0) thrown at [./src/hotspot/share/classfile/systemDictionary.cpp, line 231]
Event: 18.297 Thread 0x00000192812f4000 Exception <a 'java/lang/ClassNotFoundException'{0x000000008a181960}: build_4uqyd6lb4h1q1mzwyc8bb4sg1$_run_closure1BeanInfo> (0x000000008a181960) thrown at [./src/hotspot/share/classfile/systemDictionary.cpp, line 231]
Event: 18.298 Thread 0x00000192812f4000 Exception <a 'java/lang/ClassNotFoundException'{0x000000008a1937c0}: build_4uqyd6lb4h1q1mzwyc8bb4sg1$_run_closure1Customizer> (0x000000008a1937c0) thrown at [./src/hotspot/share/classfile/systemDictionary.cpp, line 231]
Event: 18.310 Thread 0x00000192812f4000 Exception <a 'java/lang/ClassNotFoundException'{0x000000008a1f82e8}: org/gradle/api/JavaVersionBeanInfo> (0x000000008a1f82e8) thrown at [./src/hotspot/share/classfile/systemDictionary.cpp, line 231]
Event: 18.311 Thread 0x00000192812f4000 Exception <a 'java/lang/ClassNotFoundException'{0x000000008a027608}: org/gradle/api/JavaVersionCustomizer> (0x000000008a027608) thrown at [./src/hotspot/share/classfile/systemDictionary.cpp, line 231]
Event: 18.316 Thread 0x00000192812f4000 Exception <a 'java/lang/ClassNotFoundException'{0x000000008a0927a0}: com/android/build/gradle/internal/CompileOptions$AgpDecorated_DecoratedBeanInfo> (0x000000008a0927a0) thrown at [./src/hotspot/share/classfile/systemDictionary.cpp, line 231]
Event: 18.316 Thread 0x00000192812f4000 Exception <a 'java/lang/ClassNotFoundException'{0x000000008a0b0dd8}: com/android/build/gradle/internal/CompileOptions$AgpDecoratedBeanInfo> (0x000000008a0b0dd8) thrown at [./src/hotspot/share/classfile/systemDictionary.cpp, line 231]
Event: 18.317 Thread 0x00000192812f4000 Exception <a 'java/lang/ClassNotFoundException'{0x000000008a0cce18}: com/android/build/gradle/internal/CompileOptionsBeanInfo> (0x000000008a0cce18) thrown at [./src/hotspot/share/classfile/systemDictionary.cpp, line 231]
Event: 18.317 Thread 0x00000192812f4000 Exception <a 'java/lang/ClassNotFoundException'{0x000000008a0e98d8}: com/android/build/gradle/internal/CompileOptionsCustomizer> (0x000000008a0e98d8) thrown at [./src/hotspot/share/classfile/systemDictionary.cpp, line 231]
Event: 18.318 Thread 0x00000192812f4000 Exception <a 'java/lang/ClassNotFoundException'{0x0000000089f14828}: com/android/build/gradle/internal/CompileOptions$AgpDecoratedCustomizer> (0x0000000089f14828) thrown at [./src/hotspot/share/classfile/systemDictionary.cpp, line 231]
Event: 18.319 Thread 0x00000192812f4000 Exception <a 'java/lang/ClassNotFoundException'{0x0000000089f41e50}: com/android/build/gradle/internal/CompileOptions$AgpDecorated_DecoratedCustomizer> (0x0000000089f41e50) thrown at [./src/hotspot/share/classfile/systemDictionary.cpp, line 231]
Event: 18.344 Thread 0x00000192812f4000 Exception <a 'java/lang/ClassNotFoundException'{0x0000000089e7c858}: org/gradle/api/internal/artifacts/dsl/dependencies/DefaultDependencyHandler_DecoratedBeanInfo> (0x0000000089e7c858) thrown at [./src/hotspot/share/classfile/systemDictionary.cpp, line 231]
Event: 18.346 Thread 0x00000192812f4000 Exception <a 'java/lang/ClassNotFoundException'{0x0000000089ecd0b0}: org/gradle/api/internal/artifacts/dsl/dependencies/DefaultDependencyHandlerBeanInfo> (0x0000000089ecd0b0) thrown at [./src/hotspot/share/classfile/systemDictionary.cpp, line 231]
Event: 18.347 Thread 0x00000192812f4000 Exception <a 'java/lang/ClassNotFoundException'{0x0000000089d1dd30}: org/gradle/api/internal/artifacts/dsl/dependencies/DefaultDependencyHandlerCustomizer> (0x0000000089d1dd30) thrown at [./src/hotspot/share/classfile/systemDictionary.cpp, line 231]
Event: 18.352 Thread 0x00000192812f4000 Exception <a 'java/lang/ClassNotFoundException'{0x0000000089d98a20}: org/gradle/api/internal/artifacts/dsl/dependencies/DefaultDependencyHandler_DecoratedCustomizer> (0x0000000089d98a20) thrown at [./src/hotspot/share/classfile/systemDictionary.cpp, line 231]

Events (20 events):
Event: 18.617 loading class com/android/build/api/variant/impl/VariantOutputList
Event: 18.617 loading class com/android/build/api/variant/impl/VariantOutputList done
Event: 18.617 loading class kotlin/jvm/internal/markers/KMappedMarker
Event: 18.617 loading class kotlin/jvm/internal/markers/KMappedMarker done
Event: 18.618 loading class com/android/build/gradle/internal/publishing/AndroidArtifacts$ArtifactScope
Event: 18.618 loading class com/android/build/gradle/internal/publishing/AndroidArtifacts$ArtifactScope done
Event: 18.619 loading class com/android/build/api/component/impl/OldVariantApiLegacySupportImpl
Event: 18.619 loading class com/android/build/api/component/impl/OldVariantApiLegacySupportImpl done
Event: 18.620 loading class com/android/build/gradle/internal/component/legacy/OldVariantApiLegacySupport
Event: 18.620 loading class com/android/build/gradle/internal/component/legacy/OldVariantApiLegacySupport done
Event: 18.620 loading class com/android/build/api/instrumentation/FramesComputationMode
Event: 18.620 loading class com/android/build/api/instrumentation/FramesComputationMode done
Event: 18.622 loading class com/android/build/gradle/internal/component/legacy/ModelV1LegacySupport
Event: 18.622 loading class com/android/build/gradle/internal/component/legacy/ModelV1LegacySupport done
Event: 18.626 loading class com/android/build/api/component/impl/ModelV1LegacySupportImpl
Event: 18.626 loading class com/android/build/api/component/impl/ModelV1LegacySupportImpl done
Event: 18.627 loading class com/android/build/api/instrumentation/InstrumentationScope
Event: 18.627 loading class com/android/build/api/instrumentation/InstrumentationScope done
Event: 18.627 loading class com/android/build/gradle/internal/tasks/databinding/DataBindingCompilerArguments
Event: 18.627 loading class com/android/build/gradle/internal/tasks/databinding/DataBindingCompilerArguments done


Dynamic libraries:
0x00007ff756b60000 - 0x00007ff756b6a000 	C:\Program Files\Android\Android Studio\jre\bin\java.exe
0x00007ffd44770000 - 0x00007ffd44968000 	C:\WINDOWS\SYSTEM32\ntdll.dll
0x00007ffd44240000 - 0x00007ffd442ff000 	C:\WINDOWS\System32\KERNEL32.DLL
0x00007ffd41e70000 - 0x00007ffd42142000 	C:\WINDOWS\System32\KERNELBASE.dll
0x00007ffd42510000 - 0x00007ffd42610000 	C:\WINDOWS\System32\ucrtbase.dll
0x00007ffd23c50000 - 0x00007ffd23c67000 	C:\Program Files\Android\Android Studio\jre\bin\VCRUNTIME140.dll
0x00007ffd24330000 - 0x00007ffd24349000 	C:\Program Files\Android\Android Studio\jre\bin\jli.dll
0x00007ffd42d90000 - 0x00007ffd42f2d000 	C:\WINDOWS\System32\USER32.dll
0x00007ffd25660000 - 0x00007ffd258fa000 	C:\WINDOWS\WinSxS\amd64_microsoft.windows.common-controls_6595b64144ccf1df_6.0.19041.1110_none_60b5254171f9507e\COMCTL32.dll
0x00007ffd42680000 - 0x00007ffd426a2000 	C:\WINDOWS\System32\win32u.dll
0x00007ffd44520000 - 0x00007ffd445be000 	C:\WINDOWS\System32\msvcrt.dll
0x00007ffd43240000 - 0x00007ffd4326b000 	C:\WINDOWS\System32\GDI32.dll
0x00007ffd426b0000 - 0x00007ffd427bf000 	C:\WINDOWS\System32\gdi32full.dll
0x00007ffd42470000 - 0x00007ffd4250d000 	C:\WINDOWS\System32\msvcp_win.dll
0x00007ffd444e0000 - 0x00007ffd44512000 	C:\WINDOWS\System32\IMM32.DLL
0x00007ffd19730000 - 0x00007ffd197cd000 	C:\Program Files\Android\Android Studio\jre\bin\msvcp140.dll
0x00007ffcfe570000 - 0x00007ffcff072000 	C:\Program Files\Android\Android Studio\jre\bin\server\jvm.dll
0x00007ffd44430000 - 0x00007ffd444de000 	C:\WINDOWS\System32\ADVAPI32.dll
0x00007ffd43ad0000 - 0x00007ffd43b6c000 	C:\WINDOWS\System32\sechost.dll
0x00007ffd43110000 - 0x00007ffd43235000 	C:\WINDOWS\System32\RPCRT4.dll
0x00007ffd43050000 - 0x00007ffd43058000 	C:\WINDOWS\System32\PSAPI.DLL
0x00007ffd38f50000 - 0x00007ffd38f5a000 	C:\WINDOWS\SYSTEM32\VERSION.dll
0x00007ffd216c0000 - 0x00007ffd216e7000 	C:\WINDOWS\SYSTEM32\WINMM.dll
0x00007ffd3a180000 - 0x00007ffd3a189000 	C:\WINDOWS\SYSTEM32\WSOCK32.dll
0x00007ffd43270000 - 0x00007ffd432db000 	C:\WINDOWS\System32\WS2_32.dll
0x00007ffd40680000 - 0x00007ffd40692000 	C:\WINDOWS\SYSTEM32\kernel.appcore.dll
0x00007ffd3a090000 - 0x00007ffd3a0a1000 	C:\Program Files\Android\Android Studio\jre\bin\verify.dll
0x00007ffd3fcc0000 - 0x00007ffd3fea4000 	C:\WINDOWS\SYSTEM32\DBGHELP.DLL
0x00007ffd28060000 - 0x00007ffd2808c000 	C:\WINDOWS\SYSTEM32\dbgcore.DLL
0x00007ffd42300000 - 0x00007ffd42382000 	C:\WINDOWS\System32\bcryptPrimitives.dll
0x00007ffd27670000 - 0x00007ffd27699000 	C:\Program Files\Android\Android Studio\jre\bin\java.dll
0x00007ffd3a110000 - 0x00007ffd3a11b000 	C:\Program Files\Android\Android Studio\jre\bin\jimage.dll
0x00007ffd3a070000 - 0x00007ffd3a088000 	C:\Program Files\Android\Android Studio\jre\bin\zip.dll
0x00007ffd43340000 - 0x00007ffd43a83000 	C:\WINDOWS\System32\SHELL32.dll
0x00007ffd3fed0000 - 0x00007ffd40662000 	C:\WINDOWS\SYSTEM32\windows.storage.dll
0x00007ffd42a30000 - 0x00007ffd42d84000 	C:\WINDOWS\System32\combase.dll
0x00007ffd41780000 - 0x00007ffd417b0000 	C:\WINDOWS\SYSTEM32\Wldp.dll
0x00007ffd43060000 - 0x00007ffd4310d000 	C:\WINDOWS\System32\SHCORE.dll
0x00007ffd432e0000 - 0x00007ffd43335000 	C:\WINDOWS\System32\shlwapi.dll
0x00007ffd41db0000 - 0x00007ffd41dcf000 	C:\WINDOWS\SYSTEM32\profapi.dll
0x00007ffd28130000 - 0x00007ffd2814a000 	C:\Program Files\Android\Android Studio\jre\bin\net.dll
0x00007ffd30490000 - 0x00007ffd3059c000 	C:\WINDOWS\SYSTEM32\WINHTTP.dll
0x00007ffd41560000 - 0x00007ffd415ca000 	C:\WINDOWS\system32\mswsock.dll
0x00007ffd275c0000 - 0x00007ffd275d4000 	C:\Program Files\Android\Android Studio\jre\bin\nio.dll
0x00007ffd238a0000 - 0x00007ffd238c7000 	C:\Users\HP\.gradle\native\e1d6ef7f7dcc3fd88c89a11ec53ec762bb8ba0a96d01ffa2cd45eb1d1d8dd5c5\windows-amd64\native-platform.dll
0x00007ffd00e90000 - 0x00007ffd00fd4000 	C:\Users\HP\.gradle\native\0d407fdbe67a94daf76414ababcb853783967236a71b16ec16e742cd7a986fd3\windows-amd64\native-platform-file-events.dll
0x00007ffd390a0000 - 0x00007ffd390aa000 	C:\Program Files\Android\Android Studio\jre\bin\management.dll
0x00007ffd28210000 - 0x00007ffd2821d000 	C:\Program Files\Android\Android Studio\jre\bin\management_ext.dll
0x00007ffd417c0000 - 0x00007ffd417d8000 	C:\WINDOWS\SYSTEM32\CRYPTSP.dll
0x00007ffd40ea0000 - 0x00007ffd40ed4000 	C:\WINDOWS\system32\rsaenh.dll
0x00007ffd42390000 - 0x00007ffd423b7000 	C:\WINDOWS\System32\bcrypt.dll
0x00007ffd41d70000 - 0x00007ffd41d9e000 	C:\WINDOWS\SYSTEM32\USERENV.dll
0x00007ffd416f0000 - 0x00007ffd416fc000 	C:\WINDOWS\SYSTEM32\CRYPTBASE.dll
0x00007ffd41270000 - 0x00007ffd412ab000 	C:\WINDOWS\SYSTEM32\IPHLPAPI.DLL
0x00007ffd43a90000 - 0x00007ffd43a98000 	C:\WINDOWS\System32\NSI.dll
0x00007ffd37540000 - 0x00007ffd37557000 	C:\WINDOWS\SYSTEM32\dhcpcsvc6.DLL
0x00007ffd360b0000 - 0x00007ffd360cd000 	C:\WINDOWS\SYSTEM32\dhcpcsvc.DLL
0x00007ffd412b0000 - 0x00007ffd4137a000 	C:\WINDOWS\SYSTEM32\DNSAPI.dll

dbghelp: loaded successfully - version: 4.0.5 - missing functions: none
symbol engine: initialized successfully - sym options: 0x614 - pdb path: .;C:\Program Files\Android\Android Studio\jre\bin;C:\WINDOWS\SYSTEM32;C:\WINDOWS\WinSxS\amd64_microsoft.windows.common-controls_6595b64144ccf1df_6.0.19041.1110_none_60b5254171f9507e;C:\Program Files\Android\Android Studio\jre\bin\server;C:\Users\HP\.gradle\native\e1d6ef7f7dcc3fd88c89a11ec53ec762bb8ba0a96d01ffa2cd45eb1d1d8dd5c5\windows-amd64;C:\Users\HP\.gradle\native\0d407fdbe67a94daf76414ababcb853783967236a71b16ec16e742cd7a986fd3\windows-amd64

VM Arguments:
jvm_args: --add-opens=java.base/java.util=ALL-UNNAMED --add-opens=java.base/java.lang=ALL-UNNAMED --add-opens=java.base/java.lang.invoke=ALL-UNNAMED --add-opens=java.base/java.util=ALL-UNNAMED --add-opens=java.prefs/java.util.prefs=ALL-UNNAMED --add-opens=java.prefs/java.util.prefs=ALL-UNNAMED --add-opens=java.base/java.nio.charset=ALL-UNNAMED --add-opens=java.base/java.net=ALL-UNNAMED --add-opens=java.base/java.util.concurrent.atomic=ALL-UNNAMED -Xmx2048m -Dfile.encoding=UTF-8 -Duser.country=FR -Duser.language=fr -Duser.variant 
java_command: org.gradle.launcher.daemon.bootstrap.GradleDaemon 7.4
java_class_path (initial): C:\Users\HP\.gradle\wrapper\dists\gradle-7.4-bin\c0gwcg53nkjbqw7r0h0umtfvt\gradle-7.4\lib\gradle-launcher-7.4.jar
Launcher Type: SUN_STANDARD

[Global flags]
     intx CICompilerCount                          = 3                                         {product} {ergonomic}
     uint ConcGCThreads                            = 1                                         {product} {ergonomic}
     uint G1ConcRefinementThreads                  = 4                                         {product} {ergonomic}
   size_t G1HeapRegionSize                         = 1048576                                   {product} {ergonomic}
    uintx GCDrainStackTargetSize                   = 64                                        {product} {ergonomic}
   size_t InitialHeapSize                          = 134217728                                 {product} {ergonomic}
   size_t MarkStackSize                            = 4194304                                   {product} {ergonomic}
   size_t MaxHeapSize                              = 2147483648                                {product} {command line}
   size_t MaxNewSize                               = 1287651328                                {product} {ergonomic}
   size_t MinHeapDeltaBytes                        = 1048576                                   {product} {ergonomic}
    uintx NonNMethodCodeHeapSize                   = 5830732                                {pd product} {ergonomic}
    uintx NonProfiledCodeHeapSize                  = 122913754                              {pd product} {ergonomic}
    uintx ProfiledCodeHeapSize                     = 122913754                              {pd product} {ergonomic}
    uintx ReservedCodeCacheSize                    = 251658240                              {pd product} {ergonomic}
     bool SegmentedCodeCache                       = true                                      {product} {ergonomic}
     bool UseCompressedClassPointers               = true                                 {lp64_product} {ergonomic}
     bool UseCompressedOops                        = true                                 {lp64_product} {ergonomic}
     bool UseG1GC                                  = true                                      {product} {ergonomic}
     bool UseLargePagesIndividualAllocation        = false                                  {pd product} {ergonomic}

Logging:
Log output configuration:
 #0: stdout all=warning uptime,level,tags
 #1: stderr all=off uptime,level,tags

Environment Variables:
JAVA_HOME=C:\Program Files\Java\jdk-17
PATH=C:\Program Files\Common Files\Oracle\Java\javapath;C:\WINDOWS\system32;C:\WINDOWS;C:\WINDOWS\System32\Wbem;C:\WINDOWS\System32\WindowsPowerShell\v1.0\;C:\WINDOWS\System32\OpenSSH\;C:\Program Files\R\R-4.2.0\bin\x64;C:\Program Files\dotnet\;C:\Program Files\Git\cmd;C:\Users\HP\Downloads\Compressed\platform-tools_r33.0.3-windows\platform-tools;C:\Program Files\nodejs\;C:\Users\HP\AppData\Local\Programs\Python\Python38\Scripts\;C:\Users\HP\AppData\Local\Programs\Python\Python38\;C:\Users\HP\AppData\Local\Microsoft\WindowsApps;C:\Users\HP\AppData\Local\Programs\Microsoft VS Code\bin;C:\MinGW\bin;C:\Program Files\Sublime Text 3;C:\Program Files\R\R-4.2.0\bin\x64;C:\Users\HP\.dotnet\tools;C:\Program Files\Java\jdk-17.0.4\bin;C:\Program Files (x86)\Nmap;C:\Users\HP\AppData\Roaming\npm
USERNAME=HP
OS=Windows_NT
PROCESSOR_IDENTIFIER=Intel64 Family 6 Model 78 Stepping 3, GenuineIntel



---------------  S Y S T E M  ---------------

OS: Windows 10 , 64 bit Build 19041 (10.0.19041.2251)
OS uptime: 0 days 8:38 hours
Hyper-V role detected

CPU:total 4 (initial active 4) (2 cores per cpu, 2 threads per core) family 6 model 78 stepping 3 microcode 0xec, cmov, cx8, fxsr, mmx, sse, sse2, sse3, ssse3, sse4.1, sse4.2, popcnt, avx, avx2, aes, clmul, erms, 3dnowpref, lzcnt, ht, tsc, tscinvbit, bmi1, bmi2, adx, fma

Memory: 4k page, system-wide physical 8071M (543M free)
TotalPageFile size 32647M (AvailPageFile size 4M)
current process WorkingSet (physical memory assigned to process): 390M, peak: 390M
current process commit charge ("private bytes"): 423M, peak: 424M

vm_info: OpenJDK 64-Bit Server VM (11.0.13+0-b1751.21-8125866) for windows-amd64 JRE (11.0.13+0-b1751.21-8125866), built on Feb  2 2022 03:00:22 by "builder" with MS VC++ 14.0 (VS2015)

END.
