#
# There is insufficient memory for the Java Runtime Environment to continue.
# Native memory allocation (malloc) failed to allocate 2016496 bytes for Chunk::new
# Possible reasons:
#   The system is out of physical RAM or swap space
#   The process is running with CompressedOops enabled, and the Java Heap may be blocking the growth of the native heap
# Possible solutions:
#   Reduce memory load on the system
#   Increase physical memory or swap space
#   Check if swap backing store is full
#   Decrease Java heap size (-Xmx/-Xms)
#   Decrease number of Java threads
#   Decrease Java thread stack sizes (-Xss)
#   Set larger code cache with -XX:ReservedCodeCacheSize=
#   JVM is running with Unscaled Compressed Oops mode in which the Java heap is
#     placed in the first 4GB address space. The Java Heap base address is the
#     maximum limit for the native heap growth. Please use -XX:HeapBaseMinAddress
#     to set the Java Heap base and to place the Java Heap above 4GB virtual address.
# This output file may be truncated or incomplete.
#
#  Out of Memory Error (./src/hotspot/share/memory/arena.cpp:197), pid=5656, tid=4832
#
# JRE version: OpenJDK Runtime Environment (11.0.13) (build 11.0.13+0-b1751.21-8125866)
# Java VM: OpenJDK 64-Bit Server VM (11.0.13+0-b1751.21-8125866, mixed mode, tiered, compressed oops, g1 gc, windows-amd64)
# No core dump will be written. Minidumps are not enabled by default on client versions of Windows
#

---------------  S U M M A R Y ------------

Command Line: --add-opens=java.base/java.util=ALL-UNNAMED --add-opens=java.base/java.lang=ALL-UNNAMED --add-opens=java.base/java.lang.invoke=ALL-UNNAMED --add-opens=java.base/java.util=ALL-UNNAMED --add-opens=java.prefs/java.util.prefs=ALL-UNNAMED --add-opens=java.prefs/java.util.prefs=ALL-UNNAMED --add-opens=java.base/java.nio.charset=ALL-UNNAMED --add-opens=java.base/java.net=ALL-UNNAMED --add-opens=java.base/java.util.concurrent.atomic=ALL-UNNAMED -Xmx2048m -Dfile.encoding=UTF-8 -Duser.country=FR -Duser.language=fr -Duser.variant org.gradle.launcher.daemon.bootstrap.GradleDaemon 7.4

Host: Intel(R) Core(TM) i7-6500U CPU @ 2.50GHz, 4 cores, 7G,  Windows 10 , 64 bit Build 19041 (10.0.19041.2251)
Time: Thu Jan  5 16:46:43 2023 Paris, Madrid elapsed time: 17.107568 seconds (0d 0h 0m 17s)

---------------  T H R E A D  ---------------

Current thread (0x00000227b8520800):  JavaThread "C2 CompilerThread1" daemon [_thread_in_native, id=4832, stack(0x000000fe3c000000,0x000000fe3c100000)]


Current CompileTask:
C2:  17107 5722   !   4       com.google.common.reflect.TypeVisitor::visit (244 bytes)

Stack: [0x000000fe3c000000,0x000000fe3c100000]
Native frames: (J=compiled Java code, j=interpreted, Vv=VM code, C=native code)
V  [jvm.dll+0x6100fa]
V  [jvm.dll+0x747090]
V  [jvm.dll+0x7486ad]
V  [jvm.dll+0x748d83]
V  [jvm.dll+0x24ab48]
V  [jvm.dll+0xc04dc]
V  [jvm.dll+0xc0a0c]
V  [jvm.dll+0x35eb9d]
V  [jvm.dll+0x32b833]
V  [jvm.dll+0x32ad2a]
V  [jvm.dll+0x2032b2]
V  [jvm.dll+0x202437]
V  [jvm.dll+0x188e01]
V  [jvm.dll+0x21106b]
V  [jvm.dll+0x20f8c1]
V  [jvm.dll+0x70de0f]
V  [jvm.dll+0x706a75]
V  [jvm.dll+0x60ed66]
C  [ucrtbase.dll+0x21bb2]
C  [KERNEL32.DLL+0x174b4]
C  [ntdll.dll+0x526a1]


---------------  P R O C E S S  ---------------

Threads class SMR info:
_java_thread_list=0x00000227b6a0d1a0, length=79, elements={
0x0000022799a5c800, 0x00000227b3d8c800, 0x00000227b3d90800, 0x00000227b4753800,
0x00000227b3dab000, 0x00000227b3daf800, 0x00000227b3db3000, 0x00000227b3db8000,
0x00000227b3dbc000, 0x00000227b4893800, 0x00000227b5eef000, 0x00000227b75a0800,
0x00000227b76a9800, 0x00000227b7ee6800, 0x00000227b76a7800, 0x00000227b620e000,
0x00000227b67a1800, 0x00000227b67a2800, 0x00000227b6b4e000, 0x00000227b69d7000,
0x00000227b4e0b000, 0x00000227b4e0e800, 0x00000227b4e0c000, 0x00000227b4e08800,
0x00000227b4e0d000, 0x00000227b4e0d800, 0x00000227b4e0f000, 0x00000227b4e09800,
0x00000227b4e0a800, 0x00000227b72dc000, 0x00000227b72dd000, 0x00000227b72d8000,
0x00000227b72da000, 0x00000227b72d9000, 0x00000227b72df800, 0x00000227b72e0800,
0x00000227b72da800, 0x00000227b72e1000, 0x00000227b72db800, 0x00000227b72e2000,
0x00000227b72e7000, 0x00000227b72e2800, 0x00000227b72e3800, 0x00000227b72e6000,
0x00000227b72e4800, 0x00000227b72e5000, 0x00000227ba62c800, 0x00000227ba62d800,
0x00000227ba62a000, 0x00000227ba62b800, 0x00000227ba62b000, 0x00000227ba628800,
0x00000227ba627800, 0x00000227ba629000, 0x00000227ba630800, 0x00000227ba633000,
0x00000227ba631800, 0x00000227ba62f000, 0x00000227ba630000, 0x00000227ba634000,
0x00000227ba632000, 0x00000227ba62e000, 0x00000227ba634800, 0x00000227ba635800,
0x00000227ba636800, 0x00000227ba4f3000, 0x00000227ba4f4000, 0x00000227ba4f4800,
0x00000227ba4f5800, 0x00000227ba4f0000, 0x00000227ba4f6800, 0x00000227ba4f0800,
0x00000227ba4f7000, 0x00000227ba4f1800, 0x00000227ba4f8000, 0x00000227ba4f2000,
0x00000227ba4fd800, 0x00000227b8520800, 0x00000227ba4f8800
}

Java Threads: ( => current thread )
  0x0000022799a5c800 JavaThread "main" [_thread_blocked, id=2024, stack(0x000000fe39200000,0x000000fe39300000)]
  0x00000227b3d8c800 JavaThread "Reference Handler" daemon [_thread_blocked, id=13496, stack(0x000000fe39900000,0x000000fe39a00000)]
  0x00000227b3d90800 JavaThread "Finalizer" daemon [_thread_blocked, id=13300, stack(0x000000fe39a00000,0x000000fe39b00000)]
  0x00000227b4753800 JavaThread "Signal Dispatcher" daemon [_thread_blocked, id=15020, stack(0x000000fe39b00000,0x000000fe39c00000)]
  0x00000227b3dab000 JavaThread "Attach Listener" daemon [_thread_blocked, id=1464, stack(0x000000fe39c00000,0x000000fe39d00000)]
  0x00000227b3daf800 JavaThread "Service Thread" daemon [_thread_blocked, id=9028, stack(0x000000fe39d00000,0x000000fe39e00000)]
  0x00000227b3db3000 JavaThread "C2 CompilerThread0" daemon [_thread_blocked, id=13764, stack(0x000000fe39e00000,0x000000fe39f00000)]
  0x00000227b3db8000 JavaThread "C1 CompilerThread0" daemon [_thread_blocked, id=5764, stack(0x000000fe39f00000,0x000000fe3a000000)]
  0x00000227b3dbc000 JavaThread "Sweeper thread" daemon [_thread_blocked, id=14304, stack(0x000000fe3a000000,0x000000fe3a100000)]
  0x00000227b4893800 JavaThread "Common-Cleaner" daemon [_thread_blocked, id=244, stack(0x000000fe3a100000,0x000000fe3a200000)]
  0x00000227b5eef000 JavaThread "Daemon health stats" [_thread_blocked, id=7684, stack(0x000000fe3a600000,0x000000fe3a700000)]
  0x00000227b75a0800 JavaThread "Incoming local TCP Connector on port 32528" [_thread_in_native, id=2108, stack(0x000000fe3a300000,0x000000fe3a400000)]
  0x00000227b76a9800 JavaThread "Daemon periodic checks" [_thread_blocked, id=9184, stack(0x000000fe3a700000,0x000000fe3a800000)]
  0x00000227b7ee6800 JavaThread "Daemon" [_thread_blocked, id=10772, stack(0x000000fe3a800000,0x000000fe3a900000)]
  0x00000227b76a7800 JavaThread "Handler for socket connection from /127.0.0.1:32528 to /127.0.0.1:32529" [_thread_in_native, id=14556, stack(0x000000fe3a900000,0x000000fe3aa00000)]
  0x00000227b620e000 JavaThread "Cancel handler" [_thread_blocked, id=6000, stack(0x000000fe3aa00000,0x000000fe3ab00000)]
  0x00000227b67a1800 JavaThread "Daemon worker" [_thread_blocked, id=10256, stack(0x000000fe3ab00000,0x000000fe3ac00000)]
  0x00000227b67a2800 JavaThread "Asynchronous log dispatcher for DefaultDaemonConnection: socket connection from /127.0.0.1:32528 to /127.0.0.1:32529" [_thread_blocked, id=14328, stack(0x000000fe3ac00000,0x000000fe3ad00000)]
  0x00000227b6b4e000 JavaThread "Stdin handler" [_thread_blocked, id=11520, stack(0x000000fe3ad00000,0x000000fe3ae00000)]
  0x00000227b69d7000 JavaThread "Daemon client event forwarder" [_thread_blocked, id=14668, stack(0x000000fe3ae00000,0x000000fe3af00000)]
  0x00000227b4e0b000 JavaThread "Cache worker for journal cache (C:\Users\HP\.gradle\caches\journal-1)" [_thread_blocked, id=10156, stack(0x000000fe3b100000,0x000000fe3b200000)]
  0x00000227b4e0e800 JavaThread "File lock request listener" [_thread_in_native, id=14920, stack(0x000000fe3b200000,0x000000fe3b300000)]
  0x00000227b4e0c000 JavaThread "Cache worker for file hash cache (C:\Users\HP\.gradle\caches\7.4\fileHashes)" [_thread_blocked, id=10992, stack(0x000000fe3b300000,0x000000fe3b400000)]
  0x00000227b4e08800 JavaThread "File watcher server" daemon [_thread_in_native, id=880, stack(0x000000fe3b400000,0x000000fe3b500000)]
  0x00000227b4e0d000 JavaThread "File watcher consumer" daemon [_thread_blocked, id=12560, stack(0x000000fe3b500000,0x000000fe3b600000)]
  0x00000227b4e0d800 JavaThread "Cache worker for checksums cache (C:\Users\HP\AndroidStudioProjects\Tppartie3\.gradle\7.4\checksums)" [_thread_blocked, id=14188, stack(0x000000fe3b600000,0x000000fe3b700000)]
  0x00000227b4e0f000 JavaThread "Cache worker for cache directory md-rule (C:\Users\HP\.gradle\caches\7.4\md-rule)" [_thread_blocked, id=13660, stack(0x000000fe3b700000,0x000000fe3b800000)]
  0x00000227b4e09800 JavaThread "Cache worker for file hash cache (C:\Users\HP\AndroidStudioProjects\Tppartie3\.gradle\7.4\fileHashes)" [_thread_blocked, id=12260, stack(0x000000fe3b800000,0x000000fe3b900000)]
  0x00000227b4e0a800 JavaThread "Cache worker for cache directory md-supplier (C:\Users\HP\.gradle\caches\7.4\md-supplier)" [_thread_blocked, id=11048, stack(0x000000fe3b900000,0x000000fe3ba00000)]
  0x00000227b72dc000 JavaThread "Cache worker for execution history cache (C:\Users\HP\.gradle\caches\7.4\executionHistory)" [_thread_blocked, id=12256, stack(0x000000fe3ba00000,0x000000fe3bb00000)]
  0x00000227b72dd000 JavaThread "jar transforms" [_thread_blocked, id=9008, stack(0x000000fe3bb00000,0x000000fe3bc00000)]
  0x00000227b72d8000 JavaThread "Cache worker for file content cache (C:\Users\HP\.gradle\caches\7.4\fileContent)" [_thread_blocked, id=15224, stack(0x000000fe3bc00000,0x000000fe3bd00000)]
  0x00000227b72da000 JavaThread "jar transforms Thread 2" [_thread_blocked, id=11368, stack(0x000000fe3bd00000,0x000000fe3be00000)]
  0x00000227b72d9000 JavaThread "Cache worker for dependencies-accessors (C:\Users\HP\AndroidStudioProjects\Tppartie3\.gradle\7.4\dependencies-accessors)" [_thread_blocked, id=13952, stack(0x000000fe3be00000,0x000000fe3bf00000)]
  0x00000227b72df800 JavaThread "jar transforms Thread 3" [_thread_blocked, id=14776, stack(0x000000fe3bf00000,0x000000fe3c000000)]
  0x00000227b72e0800 JavaThread "Cache worker for Build Output Cleanup Cache (C:\Users\HP\AndroidStudioProjects\Tppartie3\.gradle\buildOutputCleanup)" [_thread_blocked, id=11184, stack(0x000000fe3af00000,0x000000fe3b000000)]
  0x00000227b72da800 JavaThread "Unconstrained build operations" [_thread_blocked, id=12760, stack(0x000000fe3c100000,0x000000fe3c200000)]
  0x00000227b72e1000 JavaThread "Unconstrained build operations Thread 2" [_thread_blocked, id=7568, stack(0x000000fe3c200000,0x000000fe3c300000)]
  0x00000227b72db800 JavaThread "Unconstrained build operations Thread 3" [_thread_blocked, id=14420, stack(0x000000fe3c300000,0x000000fe3c400000)]
  0x00000227b72e2000 JavaThread "Unconstrained build operations Thread 4" [_thread_blocked, id=908, stack(0x000000fe3c400000,0x000000fe3c500000)]
  0x00000227b72e7000 JavaThread "Unconstrained build operations Thread 5" [_thread_blocked, id=14076, stack(0x000000fe3c500000,0x000000fe3c600000)]
  0x00000227b72e2800 JavaThread "Unconstrained build operations Thread 6" [_thread_blocked, id=10056, stack(0x000000fe3c600000,0x000000fe3c700000)]
  0x00000227b72e3800 JavaThread "Unconstrained build operations Thread 7" [_thread_blocked, id=1632, stack(0x000000fe3c700000,0x000000fe3c800000)]
  0x00000227b72e6000 JavaThread "Unconstrained build operations Thread 8" [_thread_blocked, id=2344, stack(0x000000fe3c800000,0x000000fe3c900000)]
  0x00000227b72e4800 JavaThread "Unconstrained build operations Thread 9" [_thread_blocked, id=14376, stack(0x000000fe3c900000,0x000000fe3ca00000)]
  0x00000227b72e5000 JavaThread "Unconstrained build operations Thread 10" [_thread_blocked, id=13372, stack(0x000000fe3ca00000,0x000000fe3cb00000)]
  0x00000227ba62c800 JavaThread "Unconstrained build operations Thread 11" [_thread_blocked, id=11772, stack(0x000000fe3cb00000,0x000000fe3cc00000)]
  0x00000227ba62d800 JavaThread "Unconstrained build operations Thread 12" [_thread_blocked, id=7660, stack(0x000000fe3cc00000,0x000000fe3cd00000)]
  0x00000227ba62a000 JavaThread "Unconstrained build operations Thread 13" [_thread_blocked, id=14248, stack(0x000000fe3cd00000,0x000000fe3ce00000)]
  0x00000227ba62b800 JavaThread "Unconstrained build operations Thread 14" [_thread_blocked, id=7268, stack(0x000000fe3ce00000,0x000000fe3cf00000)]
  0x00000227ba62b000 JavaThread "Unconstrained build operations Thread 15" [_thread_blocked, id=1604, stack(0x000000fe3cf00000,0x000000fe3d000000)]
  0x00000227ba628800 JavaThread "Unconstrained build operations Thread 16" [_thread_blocked, id=10420, stack(0x000000fe3d000000,0x000000fe3d100000)]
  0x00000227ba627800 JavaThread "Unconstrained build operations Thread 17" [_thread_blocked, id=9476, stack(0x000000fe3d100000,0x000000fe3d200000)]
  0x00000227ba629000 JavaThread "Unconstrained build operations Thread 18" [_thread_blocked, id=9384, stack(0x000000fe3d200000,0x000000fe3d300000)]
  0x00000227ba630800 JavaThread "Unconstrained build operations Thread 19" [_thread_blocked, id=4548, stack(0x000000fe3d300000,0x000000fe3d400000)]
  0x00000227ba633000 JavaThread "Unconstrained build operations Thread 20" [_thread_blocked, id=4008, stack(0x000000fe3d400000,0x000000fe3d500000)]
  0x00000227ba631800 JavaThread "Unconstrained build operations Thread 21" [_thread_blocked, id=14752, stack(0x000000fe3d500000,0x000000fe3d600000)]
  0x00000227ba62f000 JavaThread "Unconstrained build operations Thread 22" [_thread_blocked, id=13204, stack(0x000000fe3d600000,0x000000fe3d700000)]
  0x00000227ba630000 JavaThread "Unconstrained build operations Thread 23" [_thread_blocked, id=10296, stack(0x000000fe3d700000,0x000000fe3d800000)]
  0x00000227ba634000 JavaThread "Unconstrained build operations Thread 24" [_thread_blocked, id=14552, stack(0x000000fe3d800000,0x000000fe3d900000)]
  0x00000227ba632000 JavaThread "Unconstrained build operations Thread 25" [_thread_blocked, id=3256, stack(0x000000fe3d900000,0x000000fe3da00000)]
  0x00000227ba62e000 JavaThread "Unconstrained build operations Thread 26" [_thread_blocked, id=5804, stack(0x000000fe3da00000,0x000000fe3db00000)]
  0x00000227ba634800 JavaThread "Unconstrained build operations Thread 27" [_thread_blocked, id=10804, stack(0x000000fe3db00000,0x000000fe3dc00000)]
  0x00000227ba635800 JavaThread "Unconstrained build operations Thread 28" [_thread_blocked, id=13196, stack(0x000000fe3dc00000,0x000000fe3dd00000)]
  0x00000227ba636800 JavaThread "Unconstrained build operations Thread 29" [_thread_blocked, id=1976, stack(0x000000fe3dd00000,0x000000fe3de00000)]
  0x00000227ba4f3000 JavaThread "Unconstrained build operations Thread 30" [_thread_blocked, id=11912, stack(0x000000fe3de00000,0x000000fe3df00000)]
  0x00000227ba4f4000 JavaThread "Unconstrained build operations Thread 31" [_thread_blocked, id=8056, stack(0x000000fe3df00000,0x000000fe3e000000)]
  0x00000227ba4f4800 JavaThread "Unconstrained build operations Thread 32" [_thread_blocked, id=9896, stack(0x000000fe3e000000,0x000000fe3e100000)]
  0x00000227ba4f5800 JavaThread "Unconstrained build operations Thread 33" [_thread_blocked, id=7252, stack(0x000000fe3e100000,0x000000fe3e200000)]
  0x00000227ba4f0000 JavaThread "Unconstrained build operations Thread 34" [_thread_blocked, id=9428, stack(0x000000fe3e200000,0x000000fe3e300000)]
  0x00000227ba4f6800 JavaThread "Unconstrained build operations Thread 35" [_thread_blocked, id=5396, stack(0x000000fe3e300000,0x000000fe3e400000)]
  0x00000227ba4f0800 JavaThread "Unconstrained build operations Thread 36" [_thread_blocked, id=13036, stack(0x000000fe3e400000,0x000000fe3e500000)]
  0x00000227ba4f7000 JavaThread "Unconstrained build operations Thread 37" [_thread_blocked, id=8236, stack(0x000000fe3e500000,0x000000fe3e600000)]
  0x00000227ba4f1800 JavaThread "Unconstrained build operations Thread 38" [_thread_blocked, id=15284, stack(0x000000fe3e600000,0x000000fe3e700000)]
  0x00000227ba4f8000 JavaThread "Unconstrained build operations Thread 39" [_thread_blocked, id=12388, stack(0x000000fe3e700000,0x000000fe3e800000)]
  0x00000227ba4f2000 JavaThread "Unconstrained build operations Thread 40" [_thread_blocked, id=10284, stack(0x000000fe3e800000,0x000000fe3e900000)]
  0x00000227ba4fd800 JavaThread "jar transforms Thread 4" [_thread_blocked, id=7608, stack(0x000000fe3e900000,0x000000fe3ea00000)]
=>0x00000227b8520800 JavaThread "C2 CompilerThread1" daemon [_thread_in_native, id=4832, stack(0x000000fe3c000000,0x000000fe3c100000)]
  0x00000227ba4f8800 JavaThread "Memory manager" [_thread_blocked, id=9756, stack(0x000000fe3ea00000,0x000000fe3eb00000)]

Other Threads:
  0x00000227b3d86800 VMThread "VM Thread" [stack: 0x000000fe39800000,0x000000fe39900000] [id=13704]
  0x00000227b48b0000 WatcherThread [stack: 0x000000fe3a200000,0x000000fe3a300000] [id=10648]
  0x0000022799a76000 GCTaskThread "GC Thread#0" [stack: 0x000000fe39300000,0x000000fe39400000] [id=8064]
  0x00000227b52ce800 GCTaskThread "GC Thread#1" [stack: 0x000000fe3a400000,0x000000fe3a500000] [id=4184]
  0x00000227b4d15000 GCTaskThread "GC Thread#2" [stack: 0x000000fe3a500000,0x000000fe3a600000] [id=10532]
  0x00000227b79fb000 GCTaskThread "GC Thread#3" [stack: 0x000000fe3b000000,0x000000fe3b100000] [id=12656]
  0x0000022799aa7800 ConcurrentGCThread "G1 Main Marker" [stack: 0x000000fe39400000,0x000000fe39500000] [id=12932]
  0x0000022799aa9000 ConcurrentGCThread "G1 Conc#0" [stack: 0x000000fe39500000,0x000000fe39600000] [id=8]
  0x0000022799b35800 ConcurrentGCThread "G1 Refine#0" [stack: 0x000000fe39600000,0x000000fe39700000] [id=14756]
  0x0000022799b36800 ConcurrentGCThread "G1 Young RemSet Sampling" [stack: 0x000000fe39700000,0x000000fe39800000] [id=10540]

Threads with active compile tasks:
C2 CompilerThread0  17207 5718       4       com.google.common.reflect.TypeResolver$TypeVariableKey::hashCode (32 bytes)
C2 CompilerThread1  17207 5722   !   4       com.google.common.reflect.TypeVisitor::visit (244 bytes)

VM state:at safepoint (normal execution)

VM Mutex/Monitor currently owned by a thread:  ([mutex/lock_event])
[0x0000022799a59630] Threads_lock - owner thread: 0x00000227b3d86800
[0x0000022799a589d0] Heap_lock - owner thread: 0x00000227b67a1800

Heap address: 0x0000000080000000, size: 2048 MB, Compressed Oops mode: 32-bit
Narrow klass base: 0x0000000000000000, Narrow klass shift: 3
Compressed class space size: 1073741824 Address: 0x0000000100000000

Heap:
 garbage-first heap   total 189440K, used 99721K [0x0000000080000000, 0x0000000100000000)
  region size 1024K, 59 young (60416K), 3 survivors (3072K)
 Metaspace       used 58904K, capacity 60320K, committed 60496K, reserved 1101824K
  class space    used 7432K, capacity 7980K, committed 8096K, reserved 1048576K
Heap Regions: E=young(eden), S=young(survivor), O=old, HS=humongous(starts), HC=humongous(continues), CS=collection set, F=free, A=archive, TAMS=top-at-mark-start (previous, next)
|   0|0x0000000080000000, 0x0000000080100000, 0x0000000080100000|100%|HS|  |TAMS 0x0000000080100000, 0x0000000080100000| Complete 
|   1|0x0000000080100000, 0x0000000080200000, 0x0000000080200000|100%|HC|  |TAMS 0x0000000080200000, 0x0000000080200000| Complete 
|   2|0x0000000080200000, 0x0000000080300000, 0x0000000080300000|100%|HC|  |TAMS 0x0000000080300000, 0x0000000080300000| Complete 
|   3|0x0000000080300000, 0x0000000080400000, 0x0000000080400000|100%| O|  |TAMS 0x0000000080400000, 0x0000000080400000| Untracked 
|   4|0x0000000080400000, 0x0000000080500000, 0x0000000080500000|100%| O|  |TAMS 0x0000000080500000, 0x0000000080500000| Untracked 
|   5|0x0000000080500000, 0x0000000080600000, 0x0000000080600000|100%| O|  |TAMS 0x0000000080600000, 0x0000000080600000| Untracked 
|   6|0x0000000080600000, 0x0000000080700000, 0x0000000080700000|100%| O|  |TAMS 0x0000000080700000, 0x0000000080700000| Untracked 
|   7|0x0000000080700000, 0x0000000080800000, 0x0000000080800000|100%| O|  |TAMS 0x0000000080800000, 0x0000000080800000| Untracked 
|   8|0x0000000080800000, 0x0000000080900000, 0x0000000080900000|100%| O|  |TAMS 0x0000000080900000, 0x0000000080900000| Untracked 
|   9|0x0000000080900000, 0x0000000080a00000, 0x0000000080a00000|100%| O|  |TAMS 0x0000000080a00000, 0x0000000080a00000| Untracked 
|  10|0x0000000080a00000, 0x0000000080b00000, 0x0000000080b00000|100%| O|  |TAMS 0x0000000080b00000, 0x0000000080b00000| Untracked 
|  11|0x0000000080b00000, 0x0000000080c00000, 0x0000000080c00000|100%| O|  |TAMS 0x0000000080c00000, 0x0000000080c00000| Untracked 
|  12|0x0000000080c00000, 0x0000000080d00000, 0x0000000080d00000|100%| O|  |TAMS 0x0000000080d00000, 0x0000000080d00000| Untracked 
|  13|0x0000000080d00000, 0x0000000080e00000, 0x0000000080e00000|100%| O|  |TAMS 0x0000000080e00000, 0x0000000080e00000| Untracked 
|  14|0x0000000080e00000, 0x0000000080f00000, 0x0000000080f00000|100%| O|  |TAMS 0x0000000080f00000, 0x0000000080f00000| Untracked 
|  15|0x0000000080f00000, 0x0000000081000000, 0x0000000081000000|100%| O|  |TAMS 0x0000000080fd2e00, 0x0000000081000000| Untracked 
|  16|0x0000000081000000, 0x0000000081100000, 0x0000000081100000|100%|HS|  |TAMS 0x0000000081000000, 0x0000000081100000| Complete 
|  17|0x0000000081100000, 0x0000000081200000, 0x0000000081200000|100%| O|  |TAMS 0x0000000081100000, 0x0000000081200000| Untracked 
|  18|0x0000000081200000, 0x0000000081300000, 0x0000000081300000|100%| O|  |TAMS 0x0000000081200000, 0x0000000081300000| Untracked 
|  19|0x0000000081300000, 0x0000000081400000, 0x0000000081400000|100%| O|  |TAMS 0x0000000081300000, 0x0000000081400000| Untracked 
|  20|0x0000000081400000, 0x0000000081500000, 0x0000000081500000|100%| O|  |TAMS 0x0000000081400000, 0x0000000081500000| Untracked 
|  21|0x0000000081500000, 0x0000000081600000, 0x0000000081600000|100%| O|  |TAMS 0x0000000081500000, 0x0000000081600000| Untracked 
|  22|0x0000000081600000, 0x0000000081700000, 0x0000000081700000|100%| O|  |TAMS 0x0000000081600000, 0x0000000081700000| Untracked 
|  23|0x0000000081700000, 0x0000000081800000, 0x0000000081800000|100%| O|  |TAMS 0x0000000081700000, 0x0000000081800000| Untracked 
|  24|0x0000000081800000, 0x0000000081900000, 0x0000000081900000|100%| O|  |TAMS 0x0000000081800000, 0x0000000081900000| Untracked 
|  25|0x0000000081900000, 0x0000000081a00000, 0x0000000081a00000|100%|HS|  |TAMS 0x0000000081900000, 0x0000000081a00000| Complete 
|  26|0x0000000081a00000, 0x0000000081b00000, 0x0000000081b00000|100%| O|  |TAMS 0x0000000081a00000, 0x0000000081b00000| Untracked 
|  27|0x0000000081b00000, 0x0000000081c00000, 0x0000000081c00000|100%|HS|  |TAMS 0x0000000081b00000, 0x0000000081c00000| Complete 
|  28|0x0000000081c00000, 0x0000000081d00000, 0x0000000081d00000|100%|HC|  |TAMS 0x0000000081c00000, 0x0000000081d00000| Complete 
|  29|0x0000000081d00000, 0x0000000081e00000, 0x0000000081e00000|100%| O|  |TAMS 0x0000000081d00000, 0x0000000081e00000| Untracked 
|  30|0x0000000081e00000, 0x0000000081f00000, 0x0000000081f00000|100%| O|  |TAMS 0x0000000081e00000, 0x0000000081f00000| Untracked 
|  31|0x0000000081f00000, 0x0000000082000000, 0x0000000082000000|100%| O|  |TAMS 0x0000000081f00000, 0x0000000082000000| Untracked 
|  32|0x0000000082000000, 0x0000000082100000, 0x0000000082100000|100%| O|  |TAMS 0x0000000082000000, 0x0000000082100000| Untracked 
|  33|0x0000000082100000, 0x0000000082200000, 0x0000000082200000|100%| O|  |TAMS 0x0000000082100000, 0x0000000082200000| Untracked 
|  34|0x0000000082200000, 0x0000000082300000, 0x0000000082300000|100%| O|  |TAMS 0x0000000082200000, 0x0000000082300000| Untracked 
|  35|0x0000000082300000, 0x0000000082400000, 0x0000000082400000|100%| O|  |TAMS 0x0000000082300000, 0x0000000082400000| Untracked 
|  36|0x0000000082400000, 0x0000000082500000, 0x0000000082500000|100%| O|  |TAMS 0x0000000082400000, 0x0000000082500000| Untracked 
|  37|0x0000000082500000, 0x0000000082600000, 0x0000000082600000|100%| O|  |TAMS 0x0000000082500000, 0x0000000082600000| Untracked 
|  38|0x0000000082600000, 0x0000000082700000, 0x0000000082700000|100%| O|  |TAMS 0x0000000082600000, 0x0000000082700000| Untracked 
|  39|0x0000000082700000, 0x0000000082800000, 0x0000000082800000|100%| O|  |TAMS 0x0000000082700000, 0x0000000082800000| Untracked 
|  40|0x0000000082800000, 0x0000000082900000, 0x0000000082900000|100%| O|  |TAMS 0x0000000082800000, 0x0000000082900000| Untracked 
|  41|0x0000000082900000, 0x000000008296b400, 0x0000000082a00000| 41%| O|  |TAMS 0x0000000082900000, 0x000000008296b400| Untracked 
|  42|0x0000000082a00000, 0x0000000082a00000, 0x0000000082b00000|  0%| F|  |TAMS 0x0000000082a00000, 0x0000000082a00000| Untracked 
|  43|0x0000000082b00000, 0x0000000082b00000, 0x0000000082c00000|  0%| F|  |TAMS 0x0000000082b00000, 0x0000000082b00000| Untracked 
|  44|0x0000000082c00000, 0x0000000082c00000, 0x0000000082d00000|  0%| F|  |TAMS 0x0000000082c00000, 0x0000000082c00000| Untracked 
|  45|0x0000000082d00000, 0x0000000082d00000, 0x0000000082e00000|  0%| F|  |TAMS 0x0000000082d00000, 0x0000000082d00000| Untracked 
|  46|0x0000000082e00000, 0x0000000082e00000, 0x0000000082f00000|  0%| F|  |TAMS 0x0000000082e00000, 0x0000000082e00000| Untracked 
|  47|0x0000000082f00000, 0x0000000082f00000, 0x0000000083000000|  0%| F|  |TAMS 0x0000000082f00000, 0x0000000082f00000| Untracked 
|  48|0x0000000083000000, 0x0000000083000000, 0x0000000083100000|  0%| F|  |TAMS 0x0000000083000000, 0x0000000083000000| Untracked 
|  49|0x0000000083100000, 0x0000000083100000, 0x0000000083200000|  0%| F|  |TAMS 0x0000000083100000, 0x0000000083100000| Untracked 
|  50|0x0000000083200000, 0x0000000083200000, 0x0000000083300000|  0%| F|  |TAMS 0x0000000083200000, 0x0000000083200000| Untracked 
|  51|0x0000000083300000, 0x0000000083300000, 0x0000000083400000|  0%| F|  |TAMS 0x0000000083300000, 0x0000000083300000| Untracked 
|  52|0x0000000083400000, 0x0000000083400000, 0x0000000083500000|  0%| F|  |TAMS 0x0000000083400000, 0x0000000083400000| Untracked 
|  53|0x0000000083500000, 0x0000000083500000, 0x0000000083600000|  0%| F|  |TAMS 0x0000000083500000, 0x0000000083500000| Untracked 
|  54|0x0000000083600000, 0x0000000083600000, 0x0000000083700000|  0%| F|  |TAMS 0x0000000083600000, 0x0000000083600000| Untracked 
|  55|0x0000000083700000, 0x0000000083700000, 0x0000000083800000|  0%| F|  |TAMS 0x0000000083700000, 0x0000000083700000| Untracked 
|  56|0x0000000083800000, 0x0000000083800000, 0x0000000083900000|  0%| F|  |TAMS 0x0000000083800000, 0x0000000083800000| Untracked 
|  57|0x0000000083900000, 0x0000000083900000, 0x0000000083a00000|  0%| F|  |TAMS 0x0000000083900000, 0x0000000083900000| Untracked 
|  58|0x0000000083a00000, 0x0000000083a00000, 0x0000000083b00000|  0%| F|  |TAMS 0x0000000083a00000, 0x0000000083a00000| Untracked 
|  59|0x0000000083b00000, 0x0000000083b00000, 0x0000000083c00000|  0%| F|  |TAMS 0x0000000083b00000, 0x0000000083b00000| Untracked 
|  60|0x0000000083c00000, 0x0000000083c00000, 0x0000000083d00000|  0%| F|  |TAMS 0x0000000083c00000, 0x0000000083c00000| Untracked 
|  61|0x0000000083d00000, 0x0000000083d00000, 0x0000000083e00000|  0%| F|  |TAMS 0x0000000083d00000, 0x0000000083d00000| Untracked 
|  62|0x0000000083e00000, 0x0000000083e00000, 0x0000000083f00000|  0%| F|  |TAMS 0x0000000083e00000, 0x0000000083e00000| Untracked 
|  63|0x0000000083f00000, 0x0000000083f00000, 0x0000000084000000|  0%| F|  |TAMS 0x0000000083f00000, 0x0000000083f00000| Untracked 
|  64|0x0000000084000000, 0x0000000084000000, 0x0000000084100000|  0%| F|  |TAMS 0x0000000084000000, 0x0000000084000000| Untracked 
|  65|0x0000000084100000, 0x0000000084100000, 0x0000000084200000|  0%| F|  |TAMS 0x0000000084100000, 0x0000000084100000| Untracked 
|  66|0x0000000084200000, 0x0000000084200000, 0x0000000084300000|  0%| F|  |TAMS 0x0000000084200000, 0x0000000084200000| Untracked 
|  67|0x0000000084300000, 0x0000000084300000, 0x0000000084400000|  0%| F|  |TAMS 0x0000000084300000, 0x0000000084300000| Untracked 
|  68|0x0000000084400000, 0x0000000084400000, 0x0000000084500000|  0%| F|  |TAMS 0x0000000084400000, 0x0000000084400000| Untracked 
|  69|0x0000000084500000, 0x0000000084500000, 0x0000000084600000|  0%| F|  |TAMS 0x0000000084500000, 0x0000000084500000| Untracked 
|  70|0x0000000084600000, 0x0000000084600000, 0x0000000084700000|  0%| F|  |TAMS 0x0000000084600000, 0x0000000084600000| Untracked 
|  71|0x0000000084700000, 0x0000000084700000, 0x0000000084800000|  0%| F|  |TAMS 0x0000000084700000, 0x0000000084700000| Untracked 
|  72|0x0000000084800000, 0x0000000084800000, 0x0000000084900000|  0%| F|  |TAMS 0x0000000084800000, 0x0000000084800000| Untracked 
|  73|0x0000000084900000, 0x0000000084900000, 0x0000000084a00000|  0%| F|  |TAMS 0x0000000084900000, 0x0000000084900000| Untracked 
|  74|0x0000000084a00000, 0x0000000084a00000, 0x0000000084b00000|  0%| F|  |TAMS 0x0000000084a00000, 0x0000000084a00000| Untracked 
|  75|0x0000000084b00000, 0x0000000084b00000, 0x0000000084c00000|  0%| F|  |TAMS 0x0000000084b00000, 0x0000000084b00000| Untracked 
|  76|0x0000000084c00000, 0x0000000084c00000, 0x0000000084d00000|  0%| F|  |TAMS 0x0000000084c00000, 0x0000000084c00000| Untracked 
|  77|0x0000000084d00000, 0x0000000084d00000, 0x0000000084e00000|  0%| F|  |TAMS 0x0000000084d00000, 0x0000000084d00000| Untracked 
|  78|0x0000000084e00000, 0x0000000084e00000, 0x0000000084f00000|  0%| F|  |TAMS 0x0000000084e00000, 0x0000000084e00000| Untracked 
|  79|0x0000000084f00000, 0x0000000084f00000, 0x0000000085000000|  0%| F|  |TAMS 0x0000000084f00000, 0x0000000084f00000| Untracked 
|  80|0x0000000085000000, 0x0000000085000000, 0x0000000085100000|  0%| F|  |TAMS 0x0000000085000000, 0x0000000085000000| Untracked 
|  81|0x0000000085100000, 0x0000000085100000, 0x0000000085200000|  0%| F|  |TAMS 0x0000000085100000, 0x0000000085100000| Untracked 
|  82|0x0000000085200000, 0x0000000085200000, 0x0000000085300000|  0%| F|  |TAMS 0x0000000085200000, 0x0000000085200000| Untracked 
|  83|0x0000000085300000, 0x0000000085300000, 0x0000000085400000|  0%| F|  |TAMS 0x0000000085300000, 0x0000000085300000| Untracked 
|  84|0x0000000085400000, 0x0000000085400000, 0x0000000085500000|  0%| F|  |TAMS 0x0000000085400000, 0x0000000085400000| Untracked 
|  85|0x0000000085500000, 0x0000000085500000, 0x0000000085600000|  0%| F|  |TAMS 0x0000000085500000, 0x0000000085500000| Untracked 
|  86|0x0000000085600000, 0x0000000085600000, 0x0000000085700000|  0%| F|  |TAMS 0x0000000085600000, 0x0000000085600000| Untracked 
|  87|0x0000000085700000, 0x0000000085700000, 0x0000000085800000|  0%| F|  |TAMS 0x0000000085700000, 0x0000000085700000| Untracked 
|  88|0x0000000085800000, 0x0000000085800000, 0x0000000085900000|  0%| F|  |TAMS 0x0000000085800000, 0x0000000085800000| Untracked 
|  89|0x0000000085900000, 0x0000000085900000, 0x0000000085a00000|  0%| F|  |TAMS 0x0000000085900000, 0x0000000085900000| Untracked 
|  90|0x0000000085a00000, 0x0000000085a00000, 0x0000000085b00000|  0%| F|  |TAMS 0x0000000085a00000, 0x0000000085a00000| Untracked 
|  91|0x0000000085b00000, 0x0000000085b00000, 0x0000000085c00000|  0%| F|  |TAMS 0x0000000085b00000, 0x0000000085b00000| Untracked 
|  92|0x0000000085c00000, 0x0000000085c00000, 0x0000000085d00000|  0%| F|  |TAMS 0x0000000085c00000, 0x0000000085c00000| Untracked 
|  93|0x0000000085d00000, 0x0000000085d00000, 0x0000000085e00000|  0%| F|  |TAMS 0x0000000085d00000, 0x0000000085d00000| Untracked 
|  94|0x0000000085e00000, 0x0000000085e00000, 0x0000000085f00000|  0%| F|  |TAMS 0x0000000085e00000, 0x0000000085e00000| Untracked 
|  95|0x0000000085f00000, 0x0000000085f00000, 0x0000000086000000|  0%| F|  |TAMS 0x0000000085f00000, 0x0000000085f00000| Untracked 
|  96|0x0000000086000000, 0x0000000086000000, 0x0000000086100000|  0%| F|  |TAMS 0x0000000086000000, 0x0000000086000000| Untracked 
|  97|0x0000000086100000, 0x0000000086100000, 0x0000000086200000|  0%| F|  |TAMS 0x0000000086100000, 0x0000000086100000| Untracked 
|  98|0x0000000086200000, 0x0000000086200000, 0x0000000086300000|  0%| F|  |TAMS 0x0000000086200000, 0x0000000086200000| Untracked 
|  99|0x0000000086300000, 0x0000000086300000, 0x0000000086400000|  0%| F|  |TAMS 0x0000000086300000, 0x0000000086300000| Untracked 
| 100|0x0000000086400000, 0x0000000086400000, 0x0000000086500000|  0%| F|  |TAMS 0x0000000086400000, 0x0000000086400000| Untracked 
| 101|0x0000000086500000, 0x0000000086500000, 0x0000000086600000|  0%| F|  |TAMS 0x0000000086500000, 0x0000000086500000| Untracked 
| 102|0x0000000086600000, 0x0000000086600000, 0x0000000086700000|  0%| F|  |TAMS 0x0000000086600000, 0x0000000086600000| Untracked 
| 103|0x0000000086700000, 0x0000000086700000, 0x0000000086800000|  0%| F|  |TAMS 0x0000000086700000, 0x0000000086700000| Untracked 
| 104|0x0000000086800000, 0x0000000086800000, 0x0000000086900000|  0%| F|  |TAMS 0x0000000086800000, 0x0000000086800000| Untracked 
| 105|0x0000000086900000, 0x0000000086900000, 0x0000000086a00000|  0%| F|  |TAMS 0x0000000086900000, 0x0000000086900000| Untracked 
| 106|0x0000000086a00000, 0x0000000086a00000, 0x0000000086b00000|  0%| F|  |TAMS 0x0000000086a00000, 0x0000000086a00000| Untracked 
| 107|0x0000000086b00000, 0x0000000086b00000, 0x0000000086c00000|  0%| F|  |TAMS 0x0000000086b00000, 0x0000000086b00000| Untracked 
| 108|0x0000000086c00000, 0x0000000086c00000, 0x0000000086d00000|  0%| F|  |TAMS 0x0000000086c00000, 0x0000000086c00000| Untracked 
| 109|0x0000000086d00000, 0x0000000086d00000, 0x0000000086e00000|  0%| F|  |TAMS 0x0000000086d00000, 0x0000000086d00000| Untracked 
| 110|0x0000000086e00000, 0x0000000086e00000, 0x0000000086f00000|  0%| F|  |TAMS 0x0000000086e00000, 0x0000000086e00000| Untracked 
| 111|0x0000000086f00000, 0x0000000086f00000, 0x0000000087000000|  0%| F|  |TAMS 0x0000000086f00000, 0x0000000086f00000| Untracked 
| 112|0x0000000087000000, 0x0000000087000000, 0x0000000087100000|  0%| F|  |TAMS 0x0000000087000000, 0x0000000087000000| Untracked 
| 113|0x0000000087100000, 0x0000000087100000, 0x0000000087200000|  0%| F|  |TAMS 0x0000000087100000, 0x0000000087100000| Untracked 
| 114|0x0000000087200000, 0x0000000087200000, 0x0000000087300000|  0%| F|  |TAMS 0x0000000087200000, 0x0000000087200000| Untracked 
| 115|0x0000000087300000, 0x0000000087300000, 0x0000000087400000|  0%| F|  |TAMS 0x0000000087300000, 0x0000000087300000| Untracked 
| 116|0x0000000087400000, 0x0000000087400000, 0x0000000087500000|  0%| F|  |TAMS 0x0000000087400000, 0x0000000087400000| Untracked 
| 117|0x0000000087500000, 0x0000000087500000, 0x0000000087600000|  0%| F|  |TAMS 0x0000000087500000, 0x0000000087500000| Untracked 
| 118|0x0000000087600000, 0x0000000087600000, 0x0000000087700000|  0%| F|  |TAMS 0x0000000087600000, 0x0000000087600000| Untracked 
| 119|0x0000000087700000, 0x0000000087700000, 0x0000000087800000|  0%| F|  |TAMS 0x0000000087700000, 0x0000000087700000| Untracked 
| 120|0x0000000087800000, 0x0000000087800000, 0x0000000087900000|  0%| F|  |TAMS 0x0000000087800000, 0x0000000087800000| Untracked 
| 121|0x0000000087900000, 0x0000000087900000, 0x0000000087a00000|  0%| F|  |TAMS 0x0000000087900000, 0x0000000087900000| Untracked 
| 122|0x0000000087a00000, 0x0000000087a00000, 0x0000000087b00000|  0%| F|  |TAMS 0x0000000087a00000, 0x0000000087a00000| Untracked 
| 123|0x0000000087b00000, 0x0000000087b00000, 0x0000000087c00000|  0%| F|  |TAMS 0x0000000087b00000, 0x0000000087b00000| Untracked 
| 124|0x0000000087c00000, 0x0000000087c00000, 0x0000000087d00000|  0%| F|  |TAMS 0x0000000087c00000, 0x0000000087c00000| Untracked 
| 125|0x0000000087d00000, 0x0000000087d00000, 0x0000000087e00000|  0%| F|  |TAMS 0x0000000087d00000, 0x0000000087d00000| Untracked 
| 126|0x0000000087e00000, 0x0000000087eae450, 0x0000000087f00000| 68%| S|CS|TAMS 0x0000000087e00000, 0x0000000087e00000| Complete 
| 127|0x0000000087f00000, 0x0000000088000000, 0x0000000088000000|100%| S|CS|TAMS 0x0000000087f00000, 0x0000000087f00000| Complete 
| 128|0x0000000088000000, 0x0000000088100000, 0x0000000088100000|100%| S|CS|TAMS 0x0000000088000000, 0x0000000088000000| Complete 
| 129|0x0000000088100000, 0x0000000088100000, 0x0000000088200000|  0%| F|  |TAMS 0x0000000088100000, 0x0000000088100000| Untracked 
| 130|0x0000000088200000, 0x0000000088200000, 0x0000000088300000|  0%| F|  |TAMS 0x0000000088200000, 0x0000000088200000| Untracked 
| 131|0x0000000088300000, 0x0000000088300000, 0x0000000088400000|  0%| F|  |TAMS 0x0000000088300000, 0x0000000088300000| Untracked 
| 132|0x0000000088400000, 0x0000000088400000, 0x0000000088500000|  0%| F|  |TAMS 0x0000000088400000, 0x0000000088400000| Untracked 
| 133|0x0000000088500000, 0x0000000088500000, 0x0000000088600000|  0%| F|  |TAMS 0x0000000088500000, 0x0000000088500000| Untracked 
| 134|0x0000000088600000, 0x0000000088600000, 0x0000000088700000|  0%| F|  |TAMS 0x0000000088600000, 0x0000000088600000| Untracked 
| 135|0x0000000088700000, 0x0000000088700000, 0x0000000088800000|  0%| F|  |TAMS 0x0000000088700000, 0x0000000088700000| Untracked 
| 136|0x0000000088800000, 0x0000000088800000, 0x0000000088900000|  0%| F|  |TAMS 0x0000000088800000, 0x0000000088800000| Untracked 
| 137|0x0000000088900000, 0x0000000088900000, 0x0000000088a00000|  0%| F|  |TAMS 0x0000000088900000, 0x0000000088900000| Untracked 
| 138|0x0000000088a00000, 0x0000000088a00000, 0x0000000088b00000|  0%| F|  |TAMS 0x0000000088a00000, 0x0000000088a00000| Untracked 
| 139|0x0000000088b00000, 0x0000000088b00000, 0x0000000088c00000|  0%| F|  |TAMS 0x0000000088b00000, 0x0000000088b00000| Untracked 
| 140|0x0000000088c00000, 0x0000000088c00000, 0x0000000088d00000|  0%| F|  |TAMS 0x0000000088c00000, 0x0000000088c00000| Untracked 
| 141|0x0000000088d00000, 0x0000000088d00000, 0x0000000088e00000|  0%| F|  |TAMS 0x0000000088d00000, 0x0000000088d00000| Untracked 
| 142|0x0000000088e00000, 0x0000000088e00000, 0x0000000088f00000|  0%| F|  |TAMS 0x0000000088e00000, 0x0000000088e00000| Untracked 
| 143|0x0000000088f00000, 0x0000000088f00000, 0x0000000089000000|  0%| F|  |TAMS 0x0000000088f00000, 0x0000000088f00000| Untracked 
| 144|0x0000000089000000, 0x0000000089000000, 0x0000000089100000|  0%| F|  |TAMS 0x0000000089000000, 0x0000000089000000| Untracked 
| 145|0x0000000089100000, 0x0000000089100000, 0x0000000089200000|  0%| F|  |TAMS 0x0000000089100000, 0x0000000089100000| Untracked 
| 146|0x0000000089200000, 0x0000000089200000, 0x0000000089300000|  0%| F|  |TAMS 0x0000000089200000, 0x0000000089200000| Untracked 
| 147|0x0000000089300000, 0x0000000089300000, 0x0000000089400000|  0%| F|  |TAMS 0x0000000089300000, 0x0000000089300000| Untracked 
| 148|0x0000000089400000, 0x0000000089400000, 0x0000000089500000|  0%| F|  |TAMS 0x0000000089400000, 0x0000000089400000| Untracked 
| 149|0x0000000089500000, 0x0000000089500000, 0x0000000089600000|  0%| F|  |TAMS 0x0000000089500000, 0x0000000089500000| Untracked 
| 150|0x0000000089600000, 0x0000000089600000, 0x0000000089700000|  0%| F|  |TAMS 0x0000000089600000, 0x0000000089600000| Untracked 
| 151|0x0000000089700000, 0x0000000089700000, 0x0000000089800000|  0%| F|  |TAMS 0x0000000089700000, 0x0000000089700000| Untracked 
| 152|0x0000000089800000, 0x0000000089800000, 0x0000000089900000|  0%| F|  |TAMS 0x0000000089800000, 0x0000000089800000| Untracked 
| 153|0x0000000089900000, 0x0000000089900000, 0x0000000089a00000|  0%| F|  |TAMS 0x0000000089900000, 0x0000000089900000| Untracked 
| 154|0x0000000089a00000, 0x0000000089a00000, 0x0000000089b00000|  0%| F|  |TAMS 0x0000000089a00000, 0x0000000089a00000| Untracked 
| 155|0x0000000089b00000, 0x0000000089b00000, 0x0000000089c00000|  0%| F|  |TAMS 0x0000000089b00000, 0x0000000089b00000| Untracked 
| 156|0x0000000089c00000, 0x0000000089c00000, 0x0000000089d00000|  0%| F|  |TAMS 0x0000000089c00000, 0x0000000089c00000| Untracked 
| 157|0x0000000089d00000, 0x0000000089d00000, 0x0000000089e00000|  0%| F|  |TAMS 0x0000000089d00000, 0x0000000089d00000| Untracked 
| 158|0x0000000089e00000, 0x0000000089e00000, 0x0000000089f00000|  0%| F|  |TAMS 0x0000000089e00000, 0x0000000089e00000| Untracked 
| 159|0x0000000089f00000, 0x0000000089f00000, 0x000000008a000000|  0%| F|  |TAMS 0x0000000089f00000, 0x0000000089f00000| Untracked 
| 160|0x000000008a000000, 0x000000008a000000, 0x000000008a100000|  0%| F|  |TAMS 0x000000008a000000, 0x000000008a000000| Untracked 
| 161|0x000000008a100000, 0x000000008a100000, 0x000000008a200000|  0%| F|  |TAMS 0x000000008a100000, 0x000000008a100000| Untracked 
| 162|0x000000008a200000, 0x000000008a200000, 0x000000008a300000|  0%| F|  |TAMS 0x000000008a200000, 0x000000008a200000| Untracked 
| 163|0x000000008a300000, 0x000000008a300000, 0x000000008a400000|  0%| F|  |TAMS 0x000000008a300000, 0x000000008a300000| Untracked 
| 164|0x000000008a400000, 0x000000008a400000, 0x000000008a500000|  0%| F|  |TAMS 0x000000008a400000, 0x000000008a400000| Untracked 
| 165|0x000000008a500000, 0x000000008a500000, 0x000000008a600000|  0%| F|  |TAMS 0x000000008a500000, 0x000000008a500000| Untracked 
| 166|0x000000008a600000, 0x000000008a600000, 0x000000008a700000|  0%| F|  |TAMS 0x000000008a600000, 0x000000008a600000| Untracked 
| 167|0x000000008a700000, 0x000000008a700000, 0x000000008a800000|  0%| F|  |TAMS 0x000000008a700000, 0x000000008a700000| Untracked 
| 168|0x000000008a800000, 0x000000008a800000, 0x000000008a900000|  0%| F|  |TAMS 0x000000008a800000, 0x000000008a800000| Untracked 
| 169|0x000000008a900000, 0x000000008a900000, 0x000000008aa00000|  0%| F|  |TAMS 0x000000008a900000, 0x000000008a900000| Untracked 
| 170|0x000000008aa00000, 0x000000008aa00000, 0x000000008ab00000|  0%| F|  |TAMS 0x000000008aa00000, 0x000000008aa00000| Untracked 
| 171|0x000000008ab00000, 0x000000008ab00000, 0x000000008ac00000|  0%| F|  |TAMS 0x000000008ab00000, 0x000000008ab00000| Untracked 
| 172|0x000000008ac00000, 0x000000008ac00000, 0x000000008ad00000|  0%| F|  |TAMS 0x000000008ac00000, 0x000000008ac00000| Untracked 
| 173|0x000000008ad00000, 0x000000008ad00000, 0x000000008ae00000|  0%| F|  |TAMS 0x000000008ad00000, 0x000000008ad00000| Untracked 
| 174|0x000000008ae00000, 0x000000008ae00000, 0x000000008af00000|  0%| F|  |TAMS 0x000000008ae00000, 0x000000008ae00000| Untracked 
| 175|0x000000008af00000, 0x000000008af00000, 0x000000008b000000|  0%| F|  |TAMS 0x000000008af00000, 0x000000008af00000| Untracked 
| 176|0x000000008b000000, 0x000000008b000000, 0x000000008b100000|  0%| F|  |TAMS 0x000000008b000000, 0x000000008b000000| Untracked 
| 177|0x000000008b100000, 0x000000008b100000, 0x000000008b200000|  0%| F|  |TAMS 0x000000008b100000, 0x000000008b100000| Untracked 
| 178|0x000000008b200000, 0x000000008b200000, 0x000000008b300000|  0%| F|  |TAMS 0x000000008b200000, 0x000000008b200000| Untracked 
| 179|0x000000008b300000, 0x000000008b300000, 0x000000008b400000|  0%| F|  |TAMS 0x000000008b300000, 0x000000008b300000| Untracked 
| 180|0x000000008b400000, 0x000000008b400000, 0x000000008b500000|  0%| F|  |TAMS 0x000000008b400000, 0x000000008b400000| Untracked 
| 181|0x000000008b500000, 0x000000008b500000, 0x000000008b600000|  0%| F|  |TAMS 0x000000008b500000, 0x000000008b500000| Untracked 
| 182|0x000000008b600000, 0x000000008b600000, 0x000000008b700000|  0%| F|  |TAMS 0x000000008b600000, 0x000000008b600000| Untracked 
| 183|0x000000008b700000, 0x000000008b700000, 0x000000008b800000|  0%| F|  |TAMS 0x000000008b700000, 0x000000008b700000| Untracked 
| 184|0x000000008b800000, 0x000000008b885838, 0x000000008b900000| 52%| E|  |TAMS 0x000000008b800000, 0x000000008b800000| Complete 

Card table byte_map: [0x00000227acfa0000,0x00000227ad3a0000] _byte_map_base: 0x00000227acba0000

Marking Bits (Prev, Next): (CMBitMap*) 0x0000022799a9eb98, (CMBitMap*) 0x0000022799a9ebd0
 Prev Bits: [0x00000227ad7a0000, 0x00000227af7a0000)
 Next Bits: [0x00000227af7a0000, 0x00000227b17a0000)

Polling page: 0x0000022798050000

Metaspace:

Usage:
  Non-class:     51.18 MB capacity,    50.29 MB ( 98%) used,   746.98 KB (  1%) free+waste,   157.88 KB ( <1%) overhead. 
      Class:      7.79 MB capacity,     7.26 MB ( 93%) used,   467.95 KB (  6%) free+waste,    74.94 KB ( <1%) overhead. 
       Both:     58.97 MB capacity,    57.55 MB ( 98%) used,     1.19 MB (  2%) free+waste,   232.81 KB ( <1%) overhead. 

Virtual space:
  Non-class space:       52.00 MB reserved,      51.42 MB ( 99%) committed 
      Class space:        1.00 GB reserved,       7.91 MB ( <1%) committed 
             Both:        1.05 GB reserved,      59.33 MB (  6%) committed 

Chunk freelists:
   Non-Class:  60.00 KB
       Class:  0 bytes
        Both:  60.00 KB

MaxMetaspaceSize: 17179869184.00 GB
CompressedClassSpaceSize: 1.00 GB
Initial GC threshold: 20.80 MB
Current GC threshold: 59.41 MB
CDS: off

CodeHeap 'non-profiled nmethods': size=120064Kb used=3189Kb max_used=3189Kb free=116874Kb
 bounds [0x00000227a5040000, 0x00000227a5360000, 0x00000227ac580000]
CodeHeap 'profiled nmethods': size=120000Kb used=12218Kb max_used=12218Kb free=107781Kb
 bounds [0x000002279db10000, 0x000002279e700000, 0x00000227a5040000]
CodeHeap 'non-nmethods': size=5696Kb used=2324Kb max_used=2360Kb free=3372Kb
 bounds [0x000002279d580000, 0x000002279d7f0000, 0x000002279db10000]
 total_blobs=6629 nmethods=5794 adapters=747
 compilation: enabled
              stopped_count=0, restarted_count=0
 full_count=0

Compilation events (20 events):
Event: 17.009 Thread 0x00000227b3db8000 5805  s!   3       com.sun.jmx.mbeanserver.DefaultMXBeanMappingFactory::mappingForType (110 bytes)
Event: 17.010 Thread 0x00000227b3db8000 nmethod 5805 0x000002279e6f1310 code [0x000002279e6f1660, 0x000002279e6f2998]
Event: 17.010 Thread 0x00000227b3db8000 5806  s    3       com.sun.jmx.mbeanserver.DefaultMXBeanMappingFactory::getMapping (27 bytes)
Event: 17.011 Thread 0x00000227b3db8000 nmethod 5806 0x000002279e6f3110 code [0x000002279e6f3300, 0x000002279e6f38f8]
Event: 17.013 Thread 0x00000227b3db8000 5807       3       java.util.TreeMap::entrySet (27 bytes)
Event: 17.014 Thread 0x00000227b3db8000 nmethod 5807 0x000002279e6f3a10 code [0x000002279e6f3be0, 0x000002279e6f3fb8]
Event: 17.014 Thread 0x00000227b3db8000 5808       3       java.util.TreeMap$EntrySet::iterator (19 bytes)
Event: 17.014 Thread 0x00000227b3db8000 nmethod 5808 0x000002279e6f4110 code [0x000002279e6f4300, 0x000002279e6f4818]
Event: 17.014 Thread 0x00000227b3db8000 5809       3       javax.management.StandardMBean::getDescription (11 bytes)
Event: 17.014 Thread 0x00000227b3db8000 nmethod 5809 0x000002279e6f4a10 code [0x000002279e6f4bc0, 0x000002279e6f4db8]
Event: 17.018 Thread 0x00000227b3db8000 5810       3       sun.reflect.generics.repository.ConstructorRepository::computeParameterTypes (62 bytes)
Event: 17.019 Thread 0x00000227b3db8000 nmethod 5810 0x000002279e6f4e90 code [0x000002279e6f50c0, 0x000002279e6f5a88]
Event: 17.021 Thread 0x00000227b3db8000 5811       3       com.sun.jmx.mbeanserver.MXBeanIntrospector::originalTypeString (20 bytes)
Event: 17.021 Thread 0x00000227b3db8000 nmethod 5811 0x000002279e6f5d90 code [0x000002279e6f5f80, 0x000002279e6f6398]
Event: 17.021 Thread 0x00000227b3db8000 5812       3       javax.management.ImmutableDescriptor::union (308 bytes)
Event: 17.024 Thread 0x00000227b3db8000 nmethod 5812 0x000002279e6f6490 code [0x000002279e6f6800, 0x000002279e6f81e8]
Event: 17.024 Thread 0x00000227b3db8000 5813       3       javax.management.MBeanFeatureInfo::<init> (20 bytes)
Event: 17.025 Thread 0x00000227b3db8000 nmethod 5813 0x000002279e6f8b10 code [0x000002279e6f8cc0, 0x000002279e6f8f38]
Event: 17.094 Thread 0x00000227b3db3000 nmethod 5603 0x00000227a534e710 code [0x00000227a534f920, 0x00000227a5356f20]
Event: 17.095 Thread 0x00000227b3db3000 5726       4       org.objectweb.asm.SymbolTable::addConstantUtf8 (98 bytes)

GC Heap History (20 events):
Event: 1.526 GC heap before
{Heap before GC invocations=1 (full 0):
 garbage-first heap   total 131072K, used 19128K [0x0000000080000000, 0x0000000100000000)
  region size 1024K, 13 young (13312K), 2 survivors (2048K)
 Metaspace       used 10217K, capacity 10489K, committed 10624K, reserved 1058816K
  class space    used 1051K, capacity 1139K, committed 1152K, reserved 1048576K
}
Event: 1.531 GC heap after
{Heap after GC invocations=2 (full 0):
 garbage-first heap   total 131072K, used 9805K [0x0000000080000000, 0x0000000100000000)
  region size 1024K, 2 young (2048K), 2 survivors (2048K)
 Metaspace       used 10217K, capacity 10489K, committed 10624K, reserved 1058816K
  class space    used 1051K, capacity 1139K, committed 1152K, reserved 1048576K
}
Event: 2.309 GC heap before
{Heap before GC invocations=2 (full 0):
 garbage-first heap   total 131072K, used 39501K [0x0000000080000000, 0x0000000100000000)
  region size 1024K, 30 young (30720K), 2 survivors (2048K)
 Metaspace       used 11228K, capacity 11508K, committed 11776K, reserved 1060864K
  class space    used 1153K, capacity 1244K, committed 1280K, reserved 1048576K
}
Event: 2.315 GC heap after
{Heap after GC invocations=3 (full 0):
 garbage-first heap   total 131072K, used 12205K [0x0000000080000000, 0x0000000100000000)
  region size 1024K, 4 young (4096K), 4 survivors (4096K)
 Metaspace       used 11228K, capacity 11508K, committed 11776K, reserved 1060864K
  class space    used 1153K, capacity 1244K, committed 1280K, reserved 1048576K
}
Event: 5.833 GC heap before
{Heap before GC invocations=3 (full 0):
 garbage-first heap   total 131072K, used 53165K [0x0000000080000000, 0x0000000100000000)
  region size 1024K, 45 young (46080K), 4 survivors (4096K)
 Metaspace       used 17459K, capacity 17909K, committed 18048K, reserved 1064960K
  class space    used 2016K, capacity 2147K, committed 2176K, reserved 1048576K
}
Event: 5.848 GC heap after
{Heap after GC invocations=4 (full 0):
 garbage-first heap   total 131072K, used 16178K [0x0000000080000000, 0x0000000100000000)
  region size 1024K, 6 young (6144K), 6 survivors (6144K)
 Metaspace       used 17459K, capacity 17909K, committed 18048K, reserved 1064960K
  class space    used 2016K, capacity 2147K, committed 2176K, reserved 1048576K
}
Event: 6.448 GC heap before
{Heap before GC invocations=4 (full 0):
 garbage-first heap   total 131072K, used 47922K [0x0000000080000000, 0x0000000100000000)
  region size 1024K, 38 young (38912K), 6 survivors (6144K)
 Metaspace       used 20807K, capacity 21245K, committed 21296K, reserved 1069056K
  class space    used 2529K, capacity 2684K, committed 2688K, reserved 1048576K
}
Event: 6.458 GC heap after
{Heap after GC invocations=5 (full 0):
 garbage-first heap   total 131072K, used 17506K [0x0000000080000000, 0x0000000100000000)
  region size 1024K, 5 young (5120K), 5 survivors (5120K)
 Metaspace       used 20807K, capacity 21245K, committed 21296K, reserved 1069056K
  class space    used 2529K, capacity 2684K, committed 2688K, reserved 1048576K
}
Event: 7.615 GC heap before
{Heap before GC invocations=6 (full 0):
 garbage-first heap   total 131072K, used 68706K [0x0000000080000000, 0x0000000100000000)
  region size 1024K, 55 young (56320K), 5 survivors (5120K)
 Metaspace       used 26158K, capacity 26813K, committed 26876K, reserved 1073152K
  class space    used 3397K, capacity 3636K, committed 3660K, reserved 1048576K
}
Event: 7.629 GC heap after
{Heap after GC invocations=7 (full 0):
 garbage-first heap   total 131072K, used 19422K [0x0000000080000000, 0x0000000100000000)
  region size 1024K, 4 young (4096K), 4 survivors (4096K)
 Metaspace       used 26158K, capacity 26813K, committed 26876K, reserved 1073152K
  class space    used 3397K, capacity 3636K, committed 3660K, reserved 1048576K
}
Event: 8.716 GC heap before
{Heap before GC invocations=7 (full 0):
 garbage-first heap   total 131072K, used 76766K [0x0000000080000000, 0x0000000100000000)
  region size 1024K, 60 young (61440K), 4 survivors (4096K)
 Metaspace       used 31850K, capacity 32571K, committed 32636K, reserved 1077248K
  class space    used 4220K, capacity 4494K, committed 4556K, reserved 1048576K
}
Event: 8.730 GC heap after
{Heap after GC invocations=8 (full 0):
 garbage-first heap   total 157696K, used 21323K [0x0000000080000000, 0x0000000100000000)
  region size 1024K, 5 young (5120K), 5 survivors (5120K)
 Metaspace       used 31850K, capacity 32571K, committed 32636K, reserved 1077248K
  class space    used 4220K, capacity 4494K, committed 4556K, reserved 1048576K
}
Event: 9.282 GC heap before
{Heap before GC invocations=8 (full 0):
 garbage-first heap   total 157696K, used 29515K [0x0000000080000000, 0x0000000100000000)
  region size 1024K, 14 young (14336K), 5 survivors (5120K)
 Metaspace       used 35185K, capacity 35947K, committed 36048K, reserved 1081344K
  class space    used 4518K, capacity 4833K, committed 4896K, reserved 1048576K
}
Event: 9.303 GC heap after
{Heap after GC invocations=9 (full 0):
 garbage-first heap   total 157696K, used 22999K [0x0000000080000000, 0x0000000100000000)
  region size 1024K, 7 young (7168K), 7 survivors (7168K)
 Metaspace       used 35185K, capacity 35947K, committed 36048K, reserved 1081344K
  class space    used 4518K, capacity 4833K, committed 4896K, reserved 1048576K
}
Event: 10.907 GC heap before
{Heap before GC invocations=10 (full 0):
 garbage-first heap   total 157696K, used 91607K [0x0000000080000000, 0x0000000100000000)
  region size 1024K, 72 young (73728K), 7 survivors (7168K)
 Metaspace       used 40370K, capacity 41331K, committed 41552K, reserved 1085440K
  class space    used 5087K, capacity 5448K, committed 5536K, reserved 1048576K
}
Event: 10.930 GC heap after
{Heap after GC invocations=11 (full 0):
 garbage-first heap   total 157696K, used 29143K [0x0000000080000000, 0x0000000100000000)
  region size 1024K, 9 young (9216K), 9 survivors (9216K)
 Metaspace       used 40370K, capacity 41331K, committed 41552K, reserved 1085440K
  class space    used 5087K, capacity 5448K, committed 5536K, reserved 1048576K
}
Event: 12.645 GC heap before
{Heap before GC invocations=11 (full 0):
 garbage-first heap   total 157696K, used 96727K [0x0000000080000000, 0x0000000100000000)
  region size 1024K, 75 young (76800K), 9 survivors (9216K)
 Metaspace       used 46425K, capacity 47488K, committed 47696K, reserved 1091584K
  class space    used 5885K, capacity 6298K, committed 6304K, reserved 1048576K
}
Event: 12.663 GC heap after
{Heap after GC invocations=12 (full 0):
 garbage-first heap   total 157696K, used 30736K [0x0000000080000000, 0x0000000100000000)
  region size 1024K, 7 young (7168K), 7 survivors (7168K)
 Metaspace       used 46425K, capacity 47488K, committed 47696K, reserved 1091584K
  class space    used 5885K, capacity 6298K, committed 6304K, reserved 1048576K
}
Event: 15.041 GC heap before
{Heap before GC invocations=12 (full 0):
 garbage-first heap   total 157696K, used 107536K [0x0000000080000000, 0x0000000100000000)
  region size 1024K, 78 young (79872K), 7 survivors (7168K)
 Metaspace       used 50710K, capacity 51974K, committed 52176K, reserved 1095680K
  class space    used 6410K, capacity 6909K, committed 6944K, reserved 1048576K
}
Event: 15.065 GC heap after
{Heap after GC invocations=13 (full 0):
 garbage-first heap   total 189440K, used 42887K [0x0000000080000000, 0x0000000100000000)
  region size 1024K, 10 young (10240K), 10 survivors (10240K)
 Metaspace       used 50710K, capacity 51974K, committed 52176K, reserved 1095680K
  class space    used 6410K, capacity 6909K, committed 6944K, reserved 1048576K
}

Deoptimization events (20 events):
Event: 15.912 Thread 0x00000227b67a1800 DEOPT PACKING pc=0x000002279dd84917 sp=0x000000fe3abf64f0
Event: 15.912 Thread 0x00000227b67a1800 DEOPT UNPACKING pc=0x000002279d5ca95e sp=0x000000fe3abf5a78 mode 0
Event: 15.915 Thread 0x00000227b67a1800 DEOPT PACKING pc=0x000002279dd84917 sp=0x000000fe3abf65f0
Event: 15.915 Thread 0x00000227b67a1800 DEOPT UNPACKING pc=0x000002279d5ca95e sp=0x000000fe3abf5b78 mode 0
Event: 15.918 Thread 0x00000227b67a1800 DEOPT PACKING pc=0x000002279dd84917 sp=0x000000fe3abf67d0
Event: 15.918 Thread 0x00000227b67a1800 DEOPT UNPACKING pc=0x000002279d5ca95e sp=0x000000fe3abf5d58 mode 0
Event: 15.920 Thread 0x00000227b67a1800 DEOPT PACKING pc=0x000002279dd84917 sp=0x000000fe3abf64f0
Event: 15.920 Thread 0x00000227b67a1800 DEOPT UNPACKING pc=0x000002279d5ca95e sp=0x000000fe3abf5a78 mode 0
Event: 16.085 Thread 0x00000227b67a1800 Uncommon trap: trap_request=0xffffffc6 fr.pc=0x00000227a52e5e88 relative=0x0000000000000348
Event: 16.085 Thread 0x00000227b67a1800 Uncommon trap: reason=bimorphic_or_optimized_type_check action=maybe_recompile pc=0x00000227a52e5e88 method=com.google.common.collect.RegularImmutableSet.contains(Ljava/lang/Object;)Z @ 42 c2
Event: 16.085 Thread 0x00000227b67a1800 DEOPT PACKING pc=0x00000227a52e5e88 sp=0x000000fe3abf81d0
Event: 16.085 Thread 0x00000227b67a1800 DEOPT UNPACKING pc=0x000002279d5ca1af sp=0x000000fe3abf8170 mode 2
Event: 17.032 Thread 0x00000227b67a1800 Uncommon trap: trap_request=0xffffff4d fr.pc=0x00000227a52fce48 relative=0x0000000000000228
Event: 17.032 Thread 0x00000227b67a1800 Uncommon trap: reason=unstable_if action=reinterpret pc=0x00000227a52fce48 method=java.security.SecureClassLoader$CodeSourceKey.hashCode()I @ 9 c2
Event: 17.032 Thread 0x00000227b67a1800 DEOPT PACKING pc=0x00000227a52fce48 sp=0x000000fe3abf2d60
Event: 17.032 Thread 0x00000227b67a1800 DEOPT UNPACKING pc=0x000002279d5ca1af sp=0x000000fe3abf2cf0 mode 2
Event: 17.032 Thread 0x00000227b67a1800 Uncommon trap: trap_request=0xffffff4d fr.pc=0x00000227a5235178 relative=0x0000000000002578
Event: 17.032 Thread 0x00000227b67a1800 Uncommon trap: reason=unstable_if action=reinterpret pc=0x00000227a5235178 method=java.lang.ClassLoader.defineClassSourceLocation(Ljava/security/ProtectionDomain;)Ljava/lang/String; @ 15 c2
Event: 17.032 Thread 0x00000227b67a1800 DEOPT PACKING pc=0x00000227a5235178 sp=0x000000fe3abf2d80
Event: 17.032 Thread 0x00000227b67a1800 DEOPT UNPACKING pc=0x000002279d5ca1af sp=0x000000fe3abf2cf8 mode 2

Classes redefined (0 events):
No events

Internal exceptions (20 events):
Event: 14.362 Thread 0x00000227b67a1800 Exception <a 'java/security/PrivilegedActionException'{0x0000000086ad3bf8}> (0x0000000086ad3bf8) thrown at [./src/hotspot/share/prims/jvm.cpp, line 1306]
Event: 14.362 Thread 0x00000227b67a1800 Exception <a 'java/security/PrivilegedActionException'{0x0000000086ad68a0}> (0x0000000086ad68a0) thrown at [./src/hotspot/share/prims/jvm.cpp, line 1306]
Event: 14.362 Thread 0x00000227b67a1800 Exception <a 'java/security/PrivilegedActionException'{0x0000000086ad7b60}> (0x0000000086ad7b60) thrown at [./src/hotspot/share/prims/jvm.cpp, line 1306]
Event: 14.363 Thread 0x00000227b67a1800 Exception <a 'java/security/PrivilegedActionException'{0x0000000086ada758}> (0x0000000086ada758) thrown at [./src/hotspot/share/prims/jvm.cpp, line 1306]
Event: 14.363 Thread 0x00000227b67a1800 Exception <a 'java/security/PrivilegedActionException'{0x0000000086adba18}> (0x0000000086adba18) thrown at [./src/hotspot/share/prims/jvm.cpp, line 1306]
Event: 14.363 Thread 0x00000227b67a1800 Exception <a 'java/security/PrivilegedActionException'{0x0000000086ade648}> (0x0000000086ade648) thrown at [./src/hotspot/share/prims/jvm.cpp, line 1306]
Event: 14.363 Thread 0x00000227b67a1800 Exception <a 'java/security/PrivilegedActionException'{0x0000000086adf908}> (0x0000000086adf908) thrown at [./src/hotspot/share/prims/jvm.cpp, line 1306]
Event: 14.363 Thread 0x00000227b67a1800 Exception <a 'java/security/PrivilegedActionException'{0x0000000086ae25b0}> (0x0000000086ae25b0) thrown at [./src/hotspot/share/prims/jvm.cpp, line 1306]
Event: 14.363 Thread 0x00000227b67a1800 Exception <a 'java/security/PrivilegedActionException'{0x0000000086ae3870}> (0x0000000086ae3870) thrown at [./src/hotspot/share/prims/jvm.cpp, line 1306]
Event: 14.562 Thread 0x00000227b67a1800 Exception <a 'java/lang/ClassNotFoundException'{0x0000000086131418}: org/gradle/api/internal/plugins/DefaultObjectConfigurationActionBeanInfo> (0x0000000086131418) thrown at [./src/hotspot/share/classfile/systemDictionary.cpp, line 231]
Event: 14.564 Thread 0x00000227b67a1800 Exception <a 'java/lang/ClassNotFoundException'{0x0000000086166ab8}: org/gradle/api/internal/plugins/DefaultObjectConfigurationActionCustomizer> (0x0000000086166ab8) thrown at [./src/hotspot/share/classfile/systemDictionary.cpp, line 231]
Event: 14.912 Thread 0x00000227b67a1800 Exception <a 'java/lang/NoSuchMethodError'{0x000000008502d8c0}: 'java.lang.Object java.lang.invoke.DirectMethodHandle$Holder.invokeStatic(java.lang.Object, java.lang.Object, java.lang.Object, java.lang.Object, int)'> (0x000000008502d8c0) thrown at [./src/hotspot/share/interpreter/linkResolver.cpp, line 773]
Event: 14.914 Thread 0x00000227b67a1800 Exception <a 'java/lang/NoSuchMethodError'{0x00000000850322b8}: 'java.lang.Object java.lang.invoke.DirectMethodHandle$Holder.invokeSpecial(java.lang.Object, java.lang.Object, java.lang.Object, java.lang.Object, java.lang.Object, int)'> (0x00000000850322b8) thrown at [./src/hotspot/share/interpreter/linkResolver.cpp, line 773]
Event: 14.915 Thread 0x00000227b67a1800 Exception <a 'java/lang/NoSuchMethodError'{0x00000000850368f8}: 'java.lang.Object java.lang.invoke.Invokers$Holder.linkToTargetMethod(java.lang.Object, java.lang.Object, java.lang.Object, int, java.lang.Object)'> (0x00000000850368f8) thrown at [./src/hotspot/share/interpreter/linkResolver.cpp, line 773]
Event: 15.548 Thread 0x00000227b67a1800 Exception <a 'java/lang/NoSuchMethodError'{0x000000008ac14c18}: 'java.lang.Object java.lang.invoke.DirectMethodHandle$Holder.invokeSpecial(java.lang.Object, java.lang.Object, int, int, java.lang.Object, java.lang.Object, java.lang.Object)'> (0x000000008ac14c18) thrown at [./src/hotspot/share/interpreter/linkResolver.cpp, line 773]
Event: 15.549 Thread 0x00000227b67a1800 Exception <a 'java/lang/NoSuchMethodError'{0x000000008ac19198}: 'java.lang.Object java.lang.invoke.DelegatingMethodHandle$Holder.reinvoke_L(java.lang.Object, int, int, java.lang.Object, java.lang.Object, java.lang.Object)'> (0x000000008ac19198) thrown at [./src/hotspot/share/interpreter/linkResolver.cpp, line 773]
Event: 16.077 Thread 0x00000227b67a1800 Exception <a 'java/lang/NoSuchMethodError'{0x0000000089f06b38}: 'int java.lang.invoke.DirectMethodHandle$Holder.invokeInterface(java.lang.Object, java.lang.Object, java.lang.Object, java.lang.Object)'> (0x0000000089f06b38) thrown at [./src/hotspot/share/interpreter/linkResolver.cpp, line 773]
Event: 16.920 Thread 0x00000227b67a1800 Exception <a 'java/lang/IncompatibleClassChangeError'{0x000000008867a7f0}: Found class java.lang.Object, but interface was expected> (0x000000008867a7f0) thrown at [./src/hotspot/share/interpreter/linkResolver.cpp, line 839]
Event: 17.032 Thread 0x00000227b67a1800 Implicit null exception at 0x00000227a52fcc54 to 0x00000227a52fce38
Event: 17.032 Thread 0x00000227b67a1800 Implicit null exception at 0x00000227a52333db to 0x00000227a5235148

Events (20 events):
Event: 17.089 loading class org/gradle/internal/snapshot/impl/IsolatedEnumValueSnapshot
Event: 17.089 loading class org/gradle/internal/snapshot/impl/IsolatedEnumValueSnapshot done
Event: 17.092 loading class org/gradle/internal/snapshot/impl/EnumValueSnapshot
Event: 17.092 loading class org/gradle/internal/snapshot/impl/EnumValueSnapshot done
Event: 17.097 loading class org/gradle/internal/snapshot/impl/IsolatedList
Event: 17.097 loading class org/gradle/internal/snapshot/impl/IsolatedList done
Event: 17.098 loading class org/gradle/internal/snapshot/impl/AbstractListSnapshot
Event: 17.098 loading class org/gradle/internal/snapshot/impl/AbstractListSnapshot done
Event: 17.098 loading class org/gradle/internal/snapshot/impl/IsolatedSet
Event: 17.098 loading class org/gradle/internal/snapshot/impl/IsolatedSet done
Event: 17.099 loading class org/gradle/internal/snapshot/impl/AbstractSetSnapshot
Event: 17.099 loading class org/gradle/internal/snapshot/impl/AbstractSetSnapshot done
Event: 17.100 loading class org/gradle/workers/internal/DefaultActionExecutionSpecFactory
Event: 17.100 loading class org/gradle/workers/internal/DefaultActionExecutionSpecFactory done
Event: 17.101 loading class org/gradle/workers/internal/WorkSerializationException
Event: 17.101 loading class org/gradle/workers/internal/WorkSerializationException done
Event: 17.103 loading class org/gradle/process/internal/health/memory/MemoryHolder
Event: 17.103 loading class org/gradle/process/internal/health/memory/MemoryHolder done
Event: 17.104 loading class org/gradle/workers/internal/WorkerDaemonStarter
Event: 17.104 loading class org/gradle/workers/internal/WorkerDaemonStarter done


Dynamic libraries:
0x00007ff756b60000 - 0x00007ff756b6a000 	C:\Program Files\Android\Android Studio\jre\bin\java.exe
0x00007ffd44770000 - 0x00007ffd44968000 	C:\WINDOWS\SYSTEM32\ntdll.dll
0x00007ffd44240000 - 0x00007ffd442ff000 	C:\WINDOWS\System32\KERNEL32.DLL
0x00007ffd41e70000 - 0x00007ffd42142000 	C:\WINDOWS\System32\KERNELBASE.dll
0x00007ffd42510000 - 0x00007ffd42610000 	C:\WINDOWS\System32\ucrtbase.dll
0x00007ffd24330000 - 0x00007ffd24347000 	C:\Program Files\Android\Android Studio\jre\bin\VCRUNTIME140.dll
0x00007ffd23c50000 - 0x00007ffd23c69000 	C:\Program Files\Android\Android Studio\jre\bin\jli.dll
0x00007ffd42d90000 - 0x00007ffd42f2d000 	C:\WINDOWS\System32\USER32.dll
0x00007ffd42680000 - 0x00007ffd426a2000 	C:\WINDOWS\System32\win32u.dll
0x00007ffd25660000 - 0x00007ffd258fa000 	C:\WINDOWS\WinSxS\amd64_microsoft.windows.common-controls_6595b64144ccf1df_6.0.19041.1110_none_60b5254171f9507e\COMCTL32.dll
0x00007ffd43240000 - 0x00007ffd4326b000 	C:\WINDOWS\System32\GDI32.dll
0x00007ffd44520000 - 0x00007ffd445be000 	C:\WINDOWS\System32\msvcrt.dll
0x00007ffd426b0000 - 0x00007ffd427bf000 	C:\WINDOWS\System32\gdi32full.dll
0x00007ffd42470000 - 0x00007ffd4250d000 	C:\WINDOWS\System32\msvcp_win.dll
0x00007ffd444e0000 - 0x00007ffd44512000 	C:\WINDOWS\System32\IMM32.DLL
0x00007ffd19730000 - 0x00007ffd197cd000 	C:\Program Files\Android\Android Studio\jre\bin\msvcp140.dll
0x00007ffcfe570000 - 0x00007ffcff072000 	C:\Program Files\Android\Android Studio\jre\bin\server\jvm.dll
0x00007ffd44430000 - 0x00007ffd444de000 	C:\WINDOWS\System32\ADVAPI32.dll
0x00007ffd43ad0000 - 0x00007ffd43b6c000 	C:\WINDOWS\System32\sechost.dll
0x00007ffd43110000 - 0x00007ffd43235000 	C:\WINDOWS\System32\RPCRT4.dll
0x00007ffd43050000 - 0x00007ffd43058000 	C:\WINDOWS\System32\PSAPI.DLL
0x00007ffd3a180000 - 0x00007ffd3a189000 	C:\WINDOWS\SYSTEM32\WSOCK32.dll
0x00007ffd216c0000 - 0x00007ffd216e7000 	C:\WINDOWS\SYSTEM32\WINMM.dll
0x00007ffd43270000 - 0x00007ffd432db000 	C:\WINDOWS\System32\WS2_32.dll
0x00007ffd38f50000 - 0x00007ffd38f5a000 	C:\WINDOWS\SYSTEM32\VERSION.dll
0x00007ffd40680000 - 0x00007ffd40692000 	C:\WINDOWS\SYSTEM32\kernel.appcore.dll
0x00007ffd3a090000 - 0x00007ffd3a0a1000 	C:\Program Files\Android\Android Studio\jre\bin\verify.dll
0x00007ffd3fcc0000 - 0x00007ffd3fea4000 	C:\WINDOWS\SYSTEM32\DBGHELP.DLL
0x00007ffd28060000 - 0x00007ffd2808c000 	C:\WINDOWS\SYSTEM32\dbgcore.DLL
0x00007ffd42300000 - 0x00007ffd42382000 	C:\WINDOWS\System32\bcryptPrimitives.dll
0x00007ffd27670000 - 0x00007ffd27699000 	C:\Program Files\Android\Android Studio\jre\bin\java.dll
0x00007ffd3a110000 - 0x00007ffd3a11b000 	C:\Program Files\Android\Android Studio\jre\bin\jimage.dll
0x00007ffd3a070000 - 0x00007ffd3a088000 	C:\Program Files\Android\Android Studio\jre\bin\zip.dll
0x00007ffd43340000 - 0x00007ffd43a83000 	C:\WINDOWS\System32\SHELL32.dll
0x00007ffd3fed0000 - 0x00007ffd40662000 	C:\WINDOWS\SYSTEM32\windows.storage.dll
0x00007ffd42a30000 - 0x00007ffd42d84000 	C:\WINDOWS\System32\combase.dll
0x00007ffd41780000 - 0x00007ffd417b0000 	C:\WINDOWS\SYSTEM32\Wldp.dll
0x00007ffd43060000 - 0x00007ffd4310d000 	C:\WINDOWS\System32\SHCORE.dll
0x00007ffd432e0000 - 0x00007ffd43335000 	C:\WINDOWS\System32\shlwapi.dll
0x00007ffd41db0000 - 0x00007ffd41dcf000 	C:\WINDOWS\SYSTEM32\profapi.dll
0x00007ffd28130000 - 0x00007ffd2814a000 	C:\Program Files\Android\Android Studio\jre\bin\net.dll
0x00007ffd30490000 - 0x00007ffd3059c000 	C:\WINDOWS\SYSTEM32\WINHTTP.dll
0x00007ffd41560000 - 0x00007ffd415ca000 	C:\WINDOWS\system32\mswsock.dll
0x00007ffd275c0000 - 0x00007ffd275d4000 	C:\Program Files\Android\Android Studio\jre\bin\nio.dll
0x00007ffd238a0000 - 0x00007ffd238c7000 	C:\Users\HP\.gradle\native\e1d6ef7f7dcc3fd88c89a11ec53ec762bb8ba0a96d01ffa2cd45eb1d1d8dd5c5\windows-amd64\native-platform.dll
0x00007ffd00e90000 - 0x00007ffd00fd4000 	C:\Users\HP\.gradle\native\0d407fdbe67a94daf76414ababcb853783967236a71b16ec16e742cd7a986fd3\windows-amd64\native-platform-file-events.dll
0x00007ffd390a0000 - 0x00007ffd390aa000 	C:\Program Files\Android\Android Studio\jre\bin\management.dll
0x00007ffd28210000 - 0x00007ffd2821d000 	C:\Program Files\Android\Android Studio\jre\bin\management_ext.dll
0x00007ffd417c0000 - 0x00007ffd417d8000 	C:\WINDOWS\SYSTEM32\CRYPTSP.dll
0x00007ffd40ea0000 - 0x00007ffd40ed4000 	C:\WINDOWS\system32\rsaenh.dll
0x00007ffd42390000 - 0x00007ffd423b7000 	C:\WINDOWS\System32\bcrypt.dll
0x00007ffd41d70000 - 0x00007ffd41d9e000 	C:\WINDOWS\SYSTEM32\USERENV.dll
0x00007ffd416f0000 - 0x00007ffd416fc000 	C:\WINDOWS\SYSTEM32\CRYPTBASE.dll
0x00007ffd41270000 - 0x00007ffd412ab000 	C:\WINDOWS\SYSTEM32\IPHLPAPI.DLL
0x00007ffd43a90000 - 0x00007ffd43a98000 	C:\WINDOWS\System32\NSI.dll
0x00007ffd37540000 - 0x00007ffd37557000 	C:\WINDOWS\SYSTEM32\dhcpcsvc6.DLL
0x00007ffd360b0000 - 0x00007ffd360cd000 	C:\WINDOWS\SYSTEM32\dhcpcsvc.DLL
0x00007ffd412b0000 - 0x00007ffd4137a000 	C:\WINDOWS\SYSTEM32\DNSAPI.dll

dbghelp: loaded successfully - version: 4.0.5 - missing functions: none
symbol engine: initialized successfully - sym options: 0x614 - pdb path: .;C:\Program Files\Android\Android Studio\jre\bin;C:\WINDOWS\SYSTEM32;C:\WINDOWS\WinSxS\amd64_microsoft.windows.common-controls_6595b64144ccf1df_6.0.19041.1110_none_60b5254171f9507e;C:\Program Files\Android\Android Studio\jre\bin\server;C:\Users\HP\.gradle\native\e1d6ef7f7dcc3fd88c89a11ec53ec762bb8ba0a96d01ffa2cd45eb1d1d8dd5c5\windows-amd64;C:\Users\HP\.gradle\native\0d407fdbe67a94daf76414ababcb853783967236a71b16ec16e742cd7a986fd3\windows-amd64

VM Arguments:
jvm_args: --add-opens=java.base/java.util=ALL-UNNAMED --add-opens=java.base/java.lang=ALL-UNNAMED --add-opens=java.base/java.lang.invoke=ALL-UNNAMED --add-opens=java.base/java.util=ALL-UNNAMED --add-opens=java.prefs/java.util.prefs=ALL-UNNAMED --add-opens=java.prefs/java.util.prefs=ALL-UNNAMED --add-opens=java.base/java.nio.charset=ALL-UNNAMED --add-opens=java.base/java.net=ALL-UNNAMED --add-opens=java.base/java.util.concurrent.atomic=ALL-UNNAMED -Xmx2048m -Dfile.encoding=UTF-8 -Duser.country=FR -Duser.language=fr -Duser.variant 
java_command: org.gradle.launcher.daemon.bootstrap.GradleDaemon 7.4
java_class_path (initial): C:\Users\HP\.gradle\wrapper\dists\gradle-7.4-bin\c0gwcg53nkjbqw7r0h0umtfvt\gradle-7.4\lib\gradle-launcher-7.4.jar
Launcher Type: SUN_STANDARD

[Global flags]
     intx CICompilerCount                          = 3                                         {product} {ergonomic}
     uint ConcGCThreads                            = 1                                         {product} {ergonomic}
     uint G1ConcRefinementThreads                  = 4                                         {product} {ergonomic}
   size_t G1HeapRegionSize                         = 1048576                                   {product} {ergonomic}
    uintx GCDrainStackTargetSize                   = 64                                        {product} {ergonomic}
   size_t InitialHeapSize                          = 134217728                                 {product} {ergonomic}
   size_t MarkStackSize                            = 4194304                                   {product} {ergonomic}
   size_t MaxHeapSize                              = 2147483648                                {product} {command line}
   size_t MaxNewSize                               = 1287651328                                {product} {ergonomic}
   size_t MinHeapDeltaBytes                        = 1048576                                   {product} {ergonomic}
    uintx NonNMethodCodeHeapSize                   = 5830732                                {pd product} {ergonomic}
    uintx NonProfiledCodeHeapSize                  = 122913754                              {pd product} {ergonomic}
    uintx ProfiledCodeHeapSize                     = 122913754                              {pd product} {ergonomic}
    uintx ReservedCodeCacheSize                    = 251658240                              {pd product} {ergonomic}
     bool SegmentedCodeCache                       = true                                      {product} {ergonomic}
     bool UseCompressedClassPointers               = true                                 {lp64_product} {ergonomic}
     bool UseCompressedOops                        = true                                 {lp64_product} {ergonomic}
     bool UseG1GC                                  = true                                      {product} {ergonomic}
     bool UseLargePagesIndividualAllocation        = false                                  {pd product} {ergonomic}

Logging:
Log output configuration:
 #0: stdout all=warning uptime,level,tags
 #1: stderr all=off uptime,level,tags

Environment Variables:
JAVA_HOME=C:\Program Files\Java\jdk-17
PATH=C:\Program Files\Common Files\Oracle\Java\javapath;C:\WINDOWS\system32;C:\WINDOWS;C:\WINDOWS\System32\Wbem;C:\WINDOWS\System32\WindowsPowerShell\v1.0\;C:\WINDOWS\System32\OpenSSH\;C:\Program Files\R\R-4.2.0\bin\x64;C:\Program Files\dotnet\;C:\Program Files\Git\cmd;C:\Users\HP\Downloads\Compressed\platform-tools_r33.0.3-windows\platform-tools;C:\Program Files\nodejs\;C:\Users\HP\AppData\Local\Programs\Python\Python38\Scripts\;C:\Users\HP\AppData\Local\Programs\Python\Python38\;C:\Users\HP\AppData\Local\Microsoft\WindowsApps;C:\Users\HP\AppData\Local\Programs\Microsoft VS Code\bin;C:\MinGW\bin;C:\Program Files\Sublime Text 3;C:\Program Files\R\R-4.2.0\bin\x64;C:\Users\HP\.dotnet\tools;C:\Program Files\Java\jdk-17.0.4\bin;C:\Program Files (x86)\Nmap;C:\Users\HP\AppData\Roaming\npm
USERNAME=HP
OS=Windows_NT
PROCESSOR_IDENTIFIER=Intel64 Family 6 Model 78 Stepping 3, GenuineIntel



---------------  S Y S T E M  ---------------

OS: Windows 10 , 64 bit Build 19041 (10.0.19041.2251)
OS uptime: 0 days 8:37 hours
Hyper-V role detected

CPU:total 4 (initial active 4) (2 cores per cpu, 2 threads per core) family 6 model 78 stepping 3 microcode 0xec, cmov, cx8, fxsr, mmx, sse, sse2, sse3, ssse3, sse4.1, sse4.2, popcnt, avx, avx2, aes, clmul, erms, 3dnowpref, lzcnt, ht, tsc, tscinvbit, bmi1, bmi2, adx, fma

Memory: 4k page, system-wide physical 8071M (574M free)
TotalPageFile size 32647M (AvailPageFile size 6M)
current process WorkingSet (physical memory assigned to process): 353M, peak: 353M
current process commit charge ("private bytes"): 408M, peak: 409M

vm_info: OpenJDK 64-Bit Server VM (11.0.13+0-b1751.21-8125866) for windows-amd64 JRE (11.0.13+0-b1751.21-8125866), built on Feb  2 2022 03:00:22 by "builder" with MS VC++ 14.0 (VS2015)

END.
